{"/home/travis/build/npmtest/node-npmtest-gulp-mock-server/test.js":{"path":"/home/travis/build/npmtest/node-npmtest-gulp-mock-server/test.js","s":{"1":2,"2":2,"3":2,"4":2,"5":2,"6":2,"7":2,"8":1,"9":2,"10":2,"11":1,"12":1,"13":1,"14":1,"15":2,"16":2,"17":2,"18":2,"19":1,"20":1,"21":2,"22":2,"23":2,"24":1,"25":1,"26":1,"27":1,"28":1,"29":1,"30":1,"31":1,"32":1,"33":1,"34":1,"35":1,"36":1,"37":2,"38":2,"39":1,"40":2,"41":2,"42":1,"43":2,"44":2,"45":1,"46":2,"47":2,"48":1,"49":1,"50":1,"51":1,"52":1},"b":{"1":[2,1,1,1],"2":[1,1,1,1],"3":[1,1],"4":[1,1],"5":[1,1],"6":[1,1],"7":[1,1],"8":[1,1],"9":[1,1,1],"10":[1,1],"11":[1,1],"12":[1,1],"13":[1,1],"14":[1,1],"15":[1,1],"16":[1,1]},"f":{"1":2,"2":2,"3":2,"4":2,"5":2,"6":1,"7":1,"8":2,"9":2,"10":2,"11":2,"12":1},"fnMap":{"1":{"name":"(anonymous_1)","line":12,"loc":{"start":{"line":12,"column":1},"end":{"line":12,"column":13}}},"2":{"name":"(anonymous_2)","line":19,"loc":{"start":{"line":19,"column":5},"end":{"line":19,"column":17}}},"3":{"name":"(anonymous_3)","line":23,"loc":{"start":{"line":23,"column":24},"end":{"line":23,"column":36}}},"4":{"name":"(anonymous_4)","line":61,"loc":{"start":{"line":61,"column":5},"end":{"line":61,"column":17}}},"5":{"name":"(anonymous_5)","line":82,"loc":{"start":{"line":82,"column":5},"end":{"line":82,"column":17}}},"6":{"name":"(anonymous_6)","line":102,"loc":{"start":{"line":102,"column":83},"end":{"line":105,"column":10}},"skip":true},"7":{"name":"(anonymous_7)","line":113,"loc":{"start":{"line":113,"column":77},"end":{"line":116,"column":10}},"skip":true},"8":{"name":"(anonymous_8)","line":129,"loc":{"start":{"line":129,"column":12},"end":{"line":129,"column":40}},"skip":true},"9":{"name":"(anonymous_9)","line":137,"loc":{"start":{"line":137,"column":77},"end":{"line":140,"column":10}},"skip":true},"10":{"name":"(anonymous_10)","line":148,"loc":{"start":{"line":148,"column":83},"end":{"line":151,"column":10}},"skip":true},"11":{"name":"(anonymous_11)","line":159,"loc":{"start":{"line":159,"column":79},"end":{"line":162,"column":10}},"skip":true},"12":{"name":"(anonymous_12)","line":170,"loc":{"start":{"line":170,"column":75},"end":{"line":173,"column":10}},"skip":true}},"statementMap":{"1":{"start":{"line":12,"column":0},"end":{"line":185,"column":5}},"2":{"start":{"line":14,"column":4},"end":{"line":14,"column":14}},"3":{"start":{"line":19,"column":4},"end":{"line":56,"column":9}},"4":{"start":{"line":21,"column":8},"end":{"line":21,"column":19}},"5":{"start":{"line":23,"column":8},"end":{"line":35,"column":13}},"6":{"start":{"line":24,"column":12},"end":{"line":34,"column":13}},"7":{"start":{"line":25,"column":16},"end":{"line":28,"column":30}},"8":{"start":{"line":30,"column":16},"end":{"line":33,"column":27}},"9":{"start":{"line":37,"column":8},"end":{"line":39,"column":21}},"10":{"start":{"line":40,"column":8},"end":{"line":53,"column":9}},"11":{"start":{"line":43,"column":12},"end":{"line":46,"column":14}},"12":{"start":{"line":47,"column":12},"end":{"line":47,"column":18}},"13":{"start":{"line":50,"column":12},"end":{"line":51,"column":46}},"14":{"start":{"line":52,"column":12},"end":{"line":52,"column":18}},"15":{"start":{"line":55,"column":8},"end":{"line":55,"column":35}},"16":{"start":{"line":61,"column":4},"end":{"line":63,"column":9}},"17":{"start":{"line":62,"column":8},"end":{"line":62,"column":15}},"18":{"start":{"line":64,"column":4},"end":{"line":77,"column":5}},"19":{"start":{"line":70,"column":8},"end":{"line":70,"column":14}},"20":{"start":{"line":76,"column":8},"end":{"line":76,"column":14}},"21":{"start":{"line":82,"column":4},"end":{"line":84,"column":9}},"22":{"start":{"line":83,"column":8},"end":{"line":83,"column":15}},"23":{"start":{"line":85,"column":4},"end":{"line":184,"column":5}},"24":{"start":{"line":92,"column":8},"end":{"line":94,"column":63}},"25":{"start":{"line":95,"column":8},"end":{"line":95,"column":14}},"26":{"start":{"line":102,"column":8},"end":{"line":111,"column":10},"skip":true},"27":{"start":{"line":109,"column":12},"end":{"line":109,"column":55},"skip":true},"28":{"start":{"line":110,"column":12},"end":{"line":110,"column":48},"skip":true},"29":{"start":{"line":113,"column":8},"end":{"line":126,"column":10},"skip":true},"30":{"start":{"line":120,"column":12},"end":{"line":120,"column":76},"skip":true},"31":{"start":{"line":121,"column":12},"end":{"line":121,"column":73},"skip":true},"32":{"start":{"line":122,"column":12},"end":{"line":122,"column":74},"skip":true},"33":{"start":{"line":123,"column":12},"end":{"line":123,"column":79},"skip":true},"34":{"start":{"line":124,"column":12},"end":{"line":124,"column":25},"skip":true},"35":{"start":{"line":125,"column":12},"end":{"line":125,"column":45},"skip":true},"36":{"start":{"line":128,"column":8},"end":{"line":135,"column":14},"skip":true},"37":{"start":{"line":133,"column":16},"end":{"line":133,"column":29},"skip":true},"38":{"start":{"line":134,"column":16},"end":{"line":134,"column":55},"skip":true},"39":{"start":{"line":137,"column":8},"end":{"line":146,"column":10},"skip":true},"40":{"start":{"line":144,"column":12},"end":{"line":144,"column":25},"skip":true},"41":{"start":{"line":145,"column":12},"end":{"line":145,"column":45},"skip":true},"42":{"start":{"line":148,"column":8},"end":{"line":157,"column":10},"skip":true},"43":{"start":{"line":155,"column":12},"end":{"line":155,"column":25},"skip":true},"44":{"start":{"line":156,"column":12},"end":{"line":156,"column":48},"skip":true},"45":{"start":{"line":159,"column":8},"end":{"line":168,"column":10},"skip":true},"46":{"start":{"line":166,"column":12},"end":{"line":166,"column":25},"skip":true},"47":{"start":{"line":167,"column":12},"end":{"line":167,"column":46},"skip":true},"48":{"start":{"line":170,"column":8},"end":{"line":179,"column":10},"skip":true},"49":{"start":{"line":177,"column":12},"end":{"line":177,"column":94},"skip":true},"50":{"start":{"line":178,"column":12},"end":{"line":178,"column":48},"skip":true},"51":{"start":{"line":182,"column":8},"end":{"line":182,"column":35},"skip":true},"52":{"start":{"line":183,"column":8},"end":{"line":183,"column":14},"skip":true}},"branchMap":{"1":{"line":25,"type":"binary-expr","locations":[{"start":{"line":25,"column":23},"end":{"line":25,"column":62}},{"start":{"line":26,"column":20},"end":{"line":26,"column":70}},{"start":{"line":27,"column":20},"end":{"line":27,"column":71}},{"start":{"line":28,"column":20},"end":{"line":28,"column":29}}]},"2":{"line":30,"type":"binary-expr","locations":[{"start":{"line":30,"column":23},"end":{"line":30,"column":37}},{"start":{"line":31,"column":20},"end":{"line":31,"column":61}},{"start":{"line":32,"column":20},"end":{"line":32,"column":70}},{"start":{"line":33,"column":20},"end":{"line":33,"column":26}}]},"3":{"line":37,"type":"cond-expr","locations":[{"start":{"line":38,"column":14},"end":{"line":38,"column":20}},{"start":{"line":39,"column":14},"end":{"line":39,"column":20}}]},"4":{"line":40,"type":"switch","locations":[{"start":{"line":42,"column":8},"end":{"line":47,"column":18}},{"start":{"line":49,"column":8},"end":{"line":52,"column":18}}]},"5":{"line":44,"type":"binary-expr","locations":[{"start":{"line":44,"column":16},"end":{"line":44,"column":44}},{"start":{"line":44,"column":48},"end":{"line":44,"column":66}}]},"6":{"line":50,"type":"binary-expr","locations":[{"start":{"line":50,"column":21},"end":{"line":50,"column":49}},{"start":{"line":50,"column":53},"end":{"line":50,"column":72}}]},"7":{"line":64,"type":"switch","locations":[{"start":{"line":69,"column":4},"end":{"line":70,"column":14}},{"start":{"line":75,"column":4},"end":{"line":76,"column":14}}]},"8":{"line":85,"type":"switch","locations":[{"start":{"line":90,"column":4},"end":{"line":95,"column":14}},{"start":{"line":101,"column":4},"end":{"line":183,"column":14},"skip":true}]},"9":{"line":92,"type":"binary-expr","locations":[{"start":{"line":92,"column":18},"end":{"line":92,"column":32}},{"start":{"line":93,"column":12},"end":{"line":93,"column":53}},{"start":{"line":94,"column":12},"end":{"line":94,"column":61}}]},"10":{"line":102,"type":"binary-expr","locations":[{"start":{"line":102,"column":45},"end":{"line":102,"column":79},"skip":true},{"start":{"line":102,"column":83},"end":{"line":111,"column":9},"skip":true}]},"11":{"line":113,"type":"binary-expr","locations":[{"start":{"line":113,"column":42},"end":{"line":113,"column":73},"skip":true},{"start":{"line":113,"column":77},"end":{"line":126,"column":9},"skip":true}]},"12":{"line":128,"type":"binary-expr","locations":[{"start":{"line":128,"column":48},"end":{"line":128,"column":85},"skip":true},{"start":{"line":129,"column":12},"end":{"line":135,"column":13},"skip":true}]},"13":{"line":137,"type":"binary-expr","locations":[{"start":{"line":137,"column":42},"end":{"line":137,"column":73},"skip":true},{"start":{"line":137,"column":77},"end":{"line":146,"column":9},"skip":true}]},"14":{"line":148,"type":"binary-expr","locations":[{"start":{"line":148,"column":45},"end":{"line":148,"column":79},"skip":true},{"start":{"line":148,"column":83},"end":{"line":157,"column":9},"skip":true}]},"15":{"line":159,"type":"binary-expr","locations":[{"start":{"line":159,"column":43},"end":{"line":159,"column":75},"skip":true},{"start":{"line":159,"column":79},"end":{"line":168,"column":9},"skip":true}]},"16":{"line":170,"type":"binary-expr","locations":[{"start":{"line":170,"column":41},"end":{"line":170,"column":71},"skip":true},{"start":{"line":170,"column":75},"end":{"line":179,"column":9},"skip":true}]}},"code":["/* istanbul instrument in package npmtest_gulp_mock_server */","/*jslint","    bitwise: true,","    browser: true,","    maxerr: 8,","    maxlen: 96,","    node: true,","    nomen: true,","    regexp: true,","    stupid: true","*/","(function () {","    'use strict';","    var local;","","","","    // run shared js-env code - pre-init","    (function () {","        // init local","        local = {};","        // init modeJs","        local.modeJs = (function () {","            try {","                return typeof navigator.userAgent === 'string' &&","                    typeof document.querySelector('body') === 'object' &&","                    typeof XMLHttpRequest.prototype.open === 'function' &&","                    'browser';","            } catch (errorCaughtBrowser) {","                return module.exports &&","                    typeof process.versions.node === 'string' &&","                    typeof require('http').createServer === 'function' &&","                    'node';","            }","        }());","        // init global","        local.global = local.modeJs === 'browser'","            ? window","            : global;","        switch (local.modeJs) {","        // re-init local from window.local","        case 'browser':","            local = local.global.utility2.objectSetDefault(","                local.global.utility2_rollup || local.global.local,","                local.global.utility2","            );","            break;","        // re-init local from example.js","        case 'node':","            local = (local.global.utility2_rollup || require('utility2'))","                .requireExampleJsFromReadme();","            break;","        }","        // export local","        local.global.local = local;","    }());","","","","    // run shared js-env code - function","    (function () {","        return;","    }());","    switch (local.modeJs) {","","","","    // run browser js-env code - function","    case 'browser':","        break;","","","","    // run node js-env code - function","    case 'node':","        break;","    }","","","","    // run shared js-env code - post-init","    (function () {","        return;","    }());","    switch (local.modeJs) {","","","","    // run browser js-env code - post-init","    case 'browser':","        // run tests","        local.nop(local.modeTest &&","            document.querySelector('#testRunButton1') &&","            document.querySelector('#testRunButton1').click());","        break;","","","","    // run node js-env code - post-init","    /* istanbul ignore next */","    case 'node':","        local.testCase_buildApidoc_default = local.testCase_buildApidoc_default || function (","            options,","            onError","        ) {","        /*","         * this function will test buildApidoc's default handling-behavior-behavior","         */","            options = { modulePathList: module.paths };","            local.buildApidoc(options, onError);","        };","","        local.testCase_buildApp_default = local.testCase_buildApp_default || function (","            options,","            onError","        ) {","        /*","         * this function will test buildApp's default handling-behavior-behavior","         */","            local.testCase_buildReadme_default(options, local.onErrorThrow);","            local.testCase_buildLib_default(options, local.onErrorThrow);","            local.testCase_buildTest_default(options, local.onErrorThrow);","            local.testCase_buildCustomOrg_default(options, local.onErrorThrow);","            options = [];","            local.buildApp(options, onError);","        };","","        local.testCase_buildCustomOrg_default = local.testCase_buildCustomOrg_default ||","            function (options, onError) {","            /*","             * this function will test buildCustomOrg's default handling-behavior","             */","                options = {};","                local.buildCustomOrg(options, onError);","            };","","        local.testCase_buildLib_default = local.testCase_buildLib_default || function (","            options,","            onError","        ) {","        /*","         * this function will test buildLib's default handling-behavior","         */","            options = {};","            local.buildLib(options, onError);","        };","","        local.testCase_buildReadme_default = local.testCase_buildReadme_default || function (","            options,","            onError","        ) {","        /*","         * this function will test buildReadme's default handling-behavior-behavior","         */","            options = {};","            local.buildReadme(options, onError);","        };","","        local.testCase_buildTest_default = local.testCase_buildTest_default || function (","            options,","            onError","        ) {","        /*","         * this function will test buildTest's default handling-behavior","         */","            options = {};","            local.buildTest(options, onError);","        };","","        local.testCase_webpage_default = local.testCase_webpage_default || function (","            options,","            onError","        ) {","        /*","         * this function will test webpage's default handling-behavior","         */","            options = { modeCoverageMerge: true, url: local.serverLocalHost + '?modeTest=1' };","            local.browserTest(options, onError);","        };","","        // run test-server","        local.testRunServer(local);","        break;","    }","}());",""],"l":{"12":2,"14":2,"19":2,"21":2,"23":2,"24":2,"25":2,"30":1,"37":2,"40":2,"43":1,"47":1,"50":1,"52":1,"55":2,"61":2,"62":2,"64":2,"70":1,"76":1,"82":2,"83":2,"85":2,"92":1,"95":1,"102":1,"109":1,"110":1,"113":1,"120":1,"121":1,"122":1,"123":1,"124":1,"125":1,"128":1,"133":2,"134":2,"137":1,"144":2,"145":2,"148":1,"155":2,"156":2,"159":1,"166":2,"167":2,"170":1,"177":1,"178":1,"182":1,"183":1}},"/home/travis/build/npmtest/node-npmtest-gulp-mock-server/lib.npmtest_gulp_mock_server.js":{"path":"/home/travis/build/npmtest/node-npmtest-gulp-mock-server/lib.npmtest_gulp_mock_server.js","s":{"1":2,"2":2,"3":2,"4":2,"5":2,"6":2,"7":2,"8":1,"9":2,"10":2,"11":2,"12":2,"13":1,"14":1,"15":1,"16":1},"b":{"1":[2,1,1,1],"2":[1,1,1,1],"3":[1,1],"4":[2,2],"5":[1,1]},"f":{"1":2,"2":2,"3":2},"fnMap":{"1":{"name":"(anonymous_1)","line":12,"loc":{"start":{"line":12,"column":1},"end":{"line":12,"column":13}}},"2":{"name":"(anonymous_2)","line":19,"loc":{"start":{"line":19,"column":5},"end":{"line":19,"column":17}}},"3":{"name":"(anonymous_3)","line":23,"loc":{"start":{"line":23,"column":24},"end":{"line":23,"column":36}}}},"statementMap":{"1":{"start":{"line":12,"column":0},"end":{"line":53,"column":5}},"2":{"start":{"line":14,"column":4},"end":{"line":14,"column":14}},"3":{"start":{"line":19,"column":4},"end":{"line":52,"column":9}},"4":{"start":{"line":21,"column":8},"end":{"line":21,"column":19}},"5":{"start":{"line":23,"column":8},"end":{"line":35,"column":13}},"6":{"start":{"line":24,"column":12},"end":{"line":34,"column":13}},"7":{"start":{"line":25,"column":16},"end":{"line":28,"column":30}},"8":{"start":{"line":30,"column":16},"end":{"line":33,"column":27}},"9":{"start":{"line":37,"column":8},"end":{"line":39,"column":21}},"10":{"start":{"line":41,"column":8},"end":{"line":41,"column":54}},"11":{"start":{"line":43,"column":8},"end":{"line":43,"column":61}},"12":{"start":{"line":45,"column":8},"end":{"line":51,"column":9}},"13":{"start":{"line":46,"column":12},"end":{"line":46,"column":67}},"14":{"start":{"line":48,"column":12},"end":{"line":48,"column":35}},"15":{"start":{"line":49,"column":12},"end":{"line":49,"column":49}},"16":{"start":{"line":50,"column":12},"end":{"line":50,"column":43}}},"branchMap":{"1":{"line":25,"type":"binary-expr","locations":[{"start":{"line":25,"column":23},"end":{"line":25,"column":62}},{"start":{"line":26,"column":20},"end":{"line":26,"column":70}},{"start":{"line":27,"column":20},"end":{"line":27,"column":71}},{"start":{"line":28,"column":20},"end":{"line":28,"column":29}}]},"2":{"line":30,"type":"binary-expr","locations":[{"start":{"line":30,"column":23},"end":{"line":30,"column":37}},{"start":{"line":31,"column":20},"end":{"line":31,"column":61}},{"start":{"line":32,"column":20},"end":{"line":32,"column":70}},{"start":{"line":33,"column":20},"end":{"line":33,"column":26}}]},"3":{"line":37,"type":"cond-expr","locations":[{"start":{"line":38,"column":14},"end":{"line":38,"column":20}},{"start":{"line":39,"column":14},"end":{"line":39,"column":20}}]},"4":{"line":41,"type":"binary-expr","locations":[{"start":{"line":41,"column":16},"end":{"line":41,"column":44}},{"start":{"line":41,"column":48},"end":{"line":41,"column":53}}]},"5":{"line":45,"type":"if","locations":[{"start":{"line":45,"column":8},"end":{"line":45,"column":8}},{"start":{"line":45,"column":8},"end":{"line":45,"column":8}}]}},"code":["/* istanbul instrument in package npmtest_gulp_mock_server */","/*jslint","    bitwise: true,","    browser: true,","    maxerr: 8,","    maxlen: 96,","    node: true,","    nomen: true,","    regexp: true,","    stupid: true","*/","(function () {","    'use strict';","    var local;","","","","    // run shared js-env code - pre-init","    (function () {","        // init local","        local = {};","        // init modeJs","        local.modeJs = (function () {","            try {","                return typeof navigator.userAgent === 'string' &&","                    typeof document.querySelector('body') === 'object' &&","                    typeof XMLHttpRequest.prototype.open === 'function' &&","                    'browser';","            } catch (errorCaughtBrowser) {","                return module.exports &&","                    typeof process.versions.node === 'string' &&","                    typeof require('http').createServer === 'function' &&","                    'node';","            }","        }());","        // init global","        local.global = local.modeJs === 'browser'","            ? window","            : global;","        // init utility2_rollup","        local = local.global.utility2_rollup || local;","        // init lib","        local.local = local.npmtest_gulp_mock_server = local;","        // init exports","        if (local.modeJs === 'browser') {","            local.global.utility2_npmtest_gulp_mock_server = local;","        } else {","            module.exports = local;","            module.exports.__dirname = __dirname;","            module.exports.module = module;","        }","    }());","}());",""],"l":{"12":2,"14":2,"19":2,"21":2,"23":2,"24":2,"25":2,"30":1,"37":2,"41":2,"43":2,"45":2,"46":1,"48":1,"49":1,"50":1}},"/home/travis/build/npmtest/node-npmtest-gulp-mock-server/example.js":{"path":"/home/travis/build/npmtest/node-npmtest-gulp-mock-server/example.js","s":{"1":2,"2":2,"3":2,"4":2,"5":2,"6":2,"7":2,"8":1,"9":2,"10":2,"11":2,"12":2,"13":1,"14":2,"15":2,"16":2,"17":2,"18":2,"19":0,"20":2,"21":1,"22":1,"23":1,"24":1,"25":1,"26":0,"27":0,"28":1,"29":1,"30":2,"31":0,"32":0,"33":0,"34":1,"35":2,"36":2,"37":2,"38":2,"39":2,"40":2,"41":0,"42":2,"43":2,"44":2,"45":1,"46":3,"47":1,"48":1,"49":1,"50":1,"51":1,"52":1,"53":1,"54":1,"55":1,"56":1,"57":0,"58":1,"59":6,"60":6,"61":1,"62":2,"63":0,"64":2,"65":1,"66":1,"67":0,"68":0,"69":0,"70":0,"71":0,"72":0,"73":0,"74":0,"75":0,"76":0,"77":0,"78":0,"79":0,"80":0,"81":0,"82":0,"83":0},"b":{"1":[2,1,1,1],"2":[1,1,1,1],"3":[1,1],"4":[2,2],"5":[1,1],"6":[1,1],"7":[2,0],"8":[2,1,1,1,1,1],"9":[0,2,0],"10":[1,1],"11":[2,1,1],"12":[1,0],"13":[0,2],"14":[2,0,0,0,0,0,0],"15":[0,2],"16":[2,0],"17":[1,1],"18":[0,1],"19":[1,2,0,2],"20":[1,0],"21":[1,1],"22":[0,0],"23":[0,0],"24":[0,0],"25":[0,0],"26":[0,0],"27":[0,0],"28":[0,0]},"f":{"1":2,"2":2,"3":2,"4":2,"5":2,"6":2,"7":2,"8":2,"9":3,"10":1,"11":6,"12":0},"fnMap":{"1":{"name":"(anonymous_1)","line":26,"loc":{"start":{"line":26,"column":1},"end":{"line":26,"column":13}}},"2":{"name":"(anonymous_2)","line":33,"loc":{"start":{"line":33,"column":5},"end":{"line":33,"column":17}}},"3":{"name":"(anonymous_3)","line":37,"loc":{"start":{"line":37,"column":24},"end":{"line":37,"column":36}}},"4":{"name":"(anonymous_4)","line":69,"loc":{"start":{"line":69,"column":31},"end":{"line":69,"column":48}},"skip":true},"5":{"name":"(anonymous_5)","line":78,"loc":{"start":{"line":78,"column":26},"end":{"line":78,"column":45}},"skip":true},"6":{"name":"(anonymous_6)","line":123,"loc":{"start":{"line":123,"column":33},"end":{"line":123,"column":48}},"skip":true},"7":{"name":"(anonymous_7)","line":125,"loc":{"start":{"line":125,"column":27},"end":{"line":125,"column":39}},"skip":true},"8":{"name":"(anonymous_8)","line":133,"loc":{"start":{"line":133,"column":59},"end":{"line":133,"column":74}},"skip":true},"9":{"name":"(anonymous_9)","line":143,"loc":{"start":{"line":143,"column":45},"end":{"line":143,"column":62}},"skip":true},"10":{"name":"(anonymous_10)","line":144,"loc":{"start":{"line":144,"column":73},"end":{"line":144,"column":92}},"skip":true},"11":{"name":"(anonymous_11)","line":272,"loc":{"start":{"line":272,"column":51},"end":{"line":272,"column":77}},"skip":true},"12":{"name":"(anonymous_12)","line":314,"loc":{"start":{"line":314,"column":32},"end":{"line":314,"column":61}},"skip":true}},"statementMap":{"1":{"start":{"line":26,"column":0},"end":{"line":325,"column":5}},"2":{"start":{"line":28,"column":4},"end":{"line":28,"column":14}},"3":{"start":{"line":33,"column":4},"end":{"line":60,"column":9}},"4":{"start":{"line":35,"column":8},"end":{"line":35,"column":19}},"5":{"start":{"line":37,"column":8},"end":{"line":49,"column":13}},"6":{"start":{"line":38,"column":12},"end":{"line":48,"column":13}},"7":{"start":{"line":39,"column":16},"end":{"line":42,"column":30}},"8":{"start":{"line":44,"column":16},"end":{"line":47,"column":27}},"9":{"start":{"line":51,"column":8},"end":{"line":53,"column":21}},"10":{"start":{"line":55,"column":8},"end":{"line":57,"column":45}},"11":{"start":{"line":59,"column":8},"end":{"line":59,"column":35}},"12":{"start":{"line":61,"column":4},"end":{"line":324,"column":5}},"13":{"start":{"line":69,"column":8},"end":{"line":121,"column":10},"skip":true},"14":{"start":{"line":70,"column":12},"end":{"line":88,"column":13},"skip":true},"15":{"start":{"line":76,"column":16},"end":{"line":87,"column":19},"skip":true},"16":{"start":{"line":79,"column":20},"end":{"line":86,"column":21},"skip":true},"17":{"start":{"line":82,"column":24},"end":{"line":82,"column":43},"skip":true},"18":{"start":{"line":83,"column":24},"end":{"line":83,"column":30},"skip":true},"19":{"start":{"line":85,"column":24},"end":{"line":85,"column":49},"skip":true},"20":{"start":{"line":89,"column":12},"end":{"line":107,"column":13},"skip":true},"21":{"start":{"line":92,"column":16},"end":{"line":102,"column":17},"skip":true},"22":{"start":{"line":93,"column":20},"end":{"line":93,"column":86},"skip":true},"23":{"start":{"line":94,"column":20},"end":{"line":95,"column":45},"skip":true},"24":{"start":{"line":96,"column":20},"end":{"line":96,"column":42},"skip":true},"25":{"start":{"line":97,"column":20},"end":{"line":97,"column":48},"skip":true},"26":{"start":{"line":100,"column":20},"end":{"line":100,"column":85},"skip":true},"27":{"start":{"line":101,"column":20},"end":{"line":101,"column":96},"skip":true},"28":{"start":{"line":103,"column":16},"end":{"line":103,"column":22},"skip":true},"29":{"start":{"line":106,"column":16},"end":{"line":106,"column":22},"skip":true},"30":{"start":{"line":108,"column":12},"end":{"line":120,"column":13},"skip":true},"31":{"start":{"line":114,"column":16},"end":{"line":119,"column":17},"skip":true},"32":{"start":{"line":116,"column":20},"end":{"line":116,"column":78},"skip":true},"33":{"start":{"line":118,"column":20},"end":{"line":118,"column":47},"skip":true},"34":{"start":{"line":123,"column":8},"end":{"line":141,"column":11},"skip":true},"35":{"start":{"line":124,"column":12},"end":{"line":124,"column":54},"skip":true},"36":{"start":{"line":125,"column":12},"end":{"line":140,"column":14},"skip":true},"37":{"start":{"line":126,"column":16},"end":{"line":126,"column":28},"skip":true},"38":{"start":{"line":127,"column":16},"end":{"line":127,"column":69},"skip":true},"39":{"start":{"line":128,"column":16},"end":{"line":128,"column":75},"skip":true},"40":{"start":{"line":129,"column":16},"end":{"line":131,"column":17},"skip":true},"41":{"start":{"line":130,"column":20},"end":{"line":130,"column":27},"skip":true},"42":{"start":{"line":133,"column":16},"end":{"line":137,"column":36},"skip":true},"43":{"start":{"line":134,"column":20},"end":{"line":136,"column":55},"skip":true},"44":{"start":{"line":139,"column":16},"end":{"line":139,"column":57},"skip":true},"45":{"start":{"line":143,"column":8},"end":{"line":147,"column":11},"skip":true},"46":{"start":{"line":144,"column":12},"end":{"line":146,"column":15},"skip":true},"47":{"start":{"line":145,"column":16},"end":{"line":145,"column":70},"skip":true},"48":{"start":{"line":149,"column":8},"end":{"line":149,"column":31},"skip":true},"49":{"start":{"line":150,"column":8},"end":{"line":150,"column":14},"skip":true},"50":{"start":{"line":158,"column":8},"end":{"line":158,"column":31},"skip":true},"51":{"start":{"line":160,"column":8},"end":{"line":160,"column":33},"skip":true},"52":{"start":{"line":161,"column":8},"end":{"line":161,"column":37},"skip":true},"53":{"start":{"line":162,"column":8},"end":{"line":162,"column":35},"skip":true},"54":{"start":{"line":164,"column":8},"end":{"line":164,"column":50},"skip":true},"55":{"start":{"line":166,"column":8},"end":{"line":256,"column":2},"skip":true},"56":{"start":{"line":258,"column":8},"end":{"line":286,"column":9},"skip":true},"57":{"start":{"line":259,"column":12},"end":{"line":269,"column":14},"skip":true},"58":{"start":{"line":271,"column":12},"end":{"line":285,"column":19},"skip":true},"59":{"start":{"line":274,"column":20},"end":{"line":274,"column":35},"skip":true},"60":{"start":{"line":275,"column":20},"end":{"line":284,"column":21},"skip":true},"61":{"start":{"line":277,"column":24},"end":{"line":277,"column":64},"skip":true},"62":{"start":{"line":279,"column":24},"end":{"line":279,"column":40},"skip":true},"63":{"start":{"line":281,"column":24},"end":{"line":281,"column":40},"skip":true},"64":{"start":{"line":283,"column":24},"end":{"line":283,"column":39},"skip":true},"65":{"start":{"line":288,"column":8},"end":{"line":290,"column":9},"skip":true},"66":{"start":{"line":289,"column":12},"end":{"line":289,"column":18},"skip":true},"67":{"start":{"line":291,"column":8},"end":{"line":293,"column":54},"skip":true},"68":{"start":{"line":294,"column":8},"end":{"line":301,"column":37},"skip":true},"69":{"start":{"line":302,"column":8},"end":{"line":302,"column":82},"skip":true},"70":{"start":{"line":305,"column":8},"end":{"line":307,"column":9},"skip":true},"71":{"start":{"line":306,"column":12},"end":{"line":306,"column":82},"skip":true},"72":{"start":{"line":309,"column":8},"end":{"line":311,"column":9},"skip":true},"73":{"start":{"line":310,"column":12},"end":{"line":310,"column":18},"skip":true},"74":{"start":{"line":312,"column":8},"end":{"line":312,"column":54},"skip":true},"75":{"start":{"line":313,"column":8},"end":{"line":313,"column":69},"skip":true},"76":{"start":{"line":314,"column":8},"end":{"line":322,"column":36},"skip":true},"77":{"start":{"line":315,"column":12},"end":{"line":315,"column":61},"skip":true},"78":{"start":{"line":316,"column":12},"end":{"line":319,"column":13},"skip":true},"79":{"start":{"line":317,"column":16},"end":{"line":317,"column":75},"skip":true},"80":{"start":{"line":318,"column":16},"end":{"line":318,"column":23},"skip":true},"81":{"start":{"line":320,"column":12},"end":{"line":320,"column":38},"skip":true},"82":{"start":{"line":321,"column":12},"end":{"line":321,"column":27},"skip":true},"83":{"start":{"line":323,"column":8},"end":{"line":323,"column":14},"skip":true}},"branchMap":{"1":{"line":39,"type":"binary-expr","locations":[{"start":{"line":39,"column":23},"end":{"line":39,"column":62}},{"start":{"line":40,"column":20},"end":{"line":40,"column":70}},{"start":{"line":41,"column":20},"end":{"line":41,"column":71}},{"start":{"line":42,"column":20},"end":{"line":42,"column":29}}]},"2":{"line":44,"type":"binary-expr","locations":[{"start":{"line":44,"column":23},"end":{"line":44,"column":37}},{"start":{"line":45,"column":20},"end":{"line":45,"column":61}},{"start":{"line":46,"column":20},"end":{"line":46,"column":70}},{"start":{"line":47,"column":20},"end":{"line":47,"column":26}}]},"3":{"line":51,"type":"cond-expr","locations":[{"start":{"line":52,"column":14},"end":{"line":52,"column":20}},{"start":{"line":53,"column":14},"end":{"line":53,"column":20}}]},"4":{"line":55,"type":"binary-expr","locations":[{"start":{"line":55,"column":16},"end":{"line":55,"column":44}},{"start":{"line":55,"column":49},"end":{"line":57,"column":43}}]},"5":{"line":55,"type":"cond-expr","locations":[{"start":{"line":56,"column":14},"end":{"line":56,"column":60}},{"start":{"line":57,"column":14},"end":{"line":57,"column":43}}]},"6":{"line":61,"type":"switch","locations":[{"start":{"line":68,"column":4},"end":{"line":150,"column":14},"skip":true},{"start":{"line":156,"column":4},"end":{"line":323,"column":14},"skip":true}]},"7":{"line":70,"type":"if","locations":[{"start":{"line":70,"column":12},"end":{"line":70,"column":12},"skip":true},{"start":{"line":70,"column":12},"end":{"line":70,"column":12},"skip":true}]},"8":{"line":70,"type":"binary-expr","locations":[{"start":{"line":70,"column":16},"end":{"line":70,"column":22},"skip":true},{"start":{"line":70,"column":27},"end":{"line":70,"column":32},"skip":true},{"start":{"line":71,"column":20},"end":{"line":71,"column":39},"skip":true},{"start":{"line":72,"column":20},"end":{"line":72,"column":49},"skip":true},{"start":{"line":73,"column":20},"end":{"line":73,"column":58},"skip":true},{"start":{"line":74,"column":20},"end":{"line":74,"column":69},"skip":true}]},"9":{"line":79,"type":"switch","locations":[{"start":{"line":80,"column":20},"end":{"line":80,"column":33},"skip":true},{"start":{"line":81,"column":20},"end":{"line":83,"column":30},"skip":true},{"start":{"line":84,"column":20},"end":{"line":85,"column":49},"skip":true}]},"10":{"line":89,"type":"switch","locations":[{"start":{"line":90,"column":12},"end":{"line":103,"column":22},"skip":true},{"start":{"line":105,"column":12},"end":{"line":106,"column":22},"skip":true}]},"11":{"line":89,"type":"binary-expr","locations":[{"start":{"line":89,"column":20},"end":{"line":89,"column":25},"skip":true},{"start":{"line":89,"column":29},"end":{"line":89,"column":48},"skip":true},{"start":{"line":89,"column":52},"end":{"line":89,"column":74},"skip":true}]},"12":{"line":92,"type":"if","locations":[{"start":{"line":92,"column":16},"end":{"line":92,"column":16},"skip":true},{"start":{"line":92,"column":16},"end":{"line":92,"column":16},"skip":true}]},"13":{"line":108,"type":"if","locations":[{"start":{"line":108,"column":12},"end":{"line":108,"column":12},"skip":true},{"start":{"line":108,"column":12},"end":{"line":108,"column":12},"skip":true}]},"14":{"line":108,"type":"binary-expr","locations":[{"start":{"line":108,"column":16},"end":{"line":108,"column":61},"skip":true},{"start":{"line":108,"column":66},"end":{"line":108,"column":72},"skip":true},{"start":{"line":108,"column":77},"end":{"line":108,"column":82},"skip":true},{"start":{"line":109,"column":20},"end":{"line":109,"column":39},"skip":true},{"start":{"line":110,"column":20},"end":{"line":110,"column":49},"skip":true},{"start":{"line":111,"column":20},"end":{"line":111,"column":58},"skip":true},{"start":{"line":112,"column":20},"end":{"line":112,"column":68},"skip":true}]},"15":{"line":129,"type":"if","locations":[{"start":{"line":129,"column":16},"end":{"line":129,"column":16},"skip":true},{"start":{"line":129,"column":16},"end":{"line":129,"column":16},"skip":true}]},"16":{"line":134,"type":"cond-expr","locations":[{"start":{"line":135,"column":26},"end":{"line":135,"column":29},"skip":true},{"start":{"line":136,"column":26},"end":{"line":136,"column":54},"skip":true}]},"17":{"line":164,"type":"binary-expr","locations":[{"start":{"line":164,"column":27},"end":{"line":164,"column":43},"skip":true},{"start":{"line":164,"column":47},"end":{"line":164,"column":49},"skip":true}]},"18":{"line":258,"type":"if","locations":[{"start":{"line":258,"column":8},"end":{"line":258,"column":8},"skip":true},{"start":{"line":258,"column":8},"end":{"line":258,"column":8},"skip":true}]},"19":{"line":275,"type":"switch","locations":[{"start":{"line":276,"column":20},"end":{"line":277,"column":64},"skip":true},{"start":{"line":278,"column":20},"end":{"line":279,"column":40},"skip":true},{"start":{"line":280,"column":20},"end":{"line":281,"column":40},"skip":true},{"start":{"line":282,"column":20},"end":{"line":283,"column":39},"skip":true}]},"20":{"line":288,"type":"if","locations":[{"start":{"line":288,"column":8},"end":{"line":288,"column":8},"skip":true},{"start":{"line":288,"column":8},"end":{"line":288,"column":8},"skip":true}]},"21":{"line":288,"type":"binary-expr","locations":[{"start":{"line":288,"column":12},"end":{"line":288,"column":40},"skip":true},{"start":{"line":288,"column":44},"end":{"line":288,"column":67},"skip":true}]},"22":{"line":292,"type":"binary-expr","locations":[{"start":{"line":292,"column":12},"end":{"line":292,"column":50},"skip":true},{"start":{"line":293,"column":12},"end":{"line":293,"column":53},"skip":true}]},"23":{"line":295,"type":"binary-expr","locations":[{"start":{"line":295,"column":12},"end":{"line":295,"column":74},"skip":true},{"start":{"line":296,"column":12},"end":{"line":301,"column":36},"skip":true}]},"24":{"line":302,"type":"binary-expr","locations":[{"start":{"line":302,"column":43},"end":{"line":302,"column":75},"skip":true},{"start":{"line":302,"column":79},"end":{"line":302,"column":81},"skip":true}]},"25":{"line":305,"type":"if","locations":[{"start":{"line":305,"column":8},"end":{"line":305,"column":8},"skip":true},{"start":{"line":305,"column":8},"end":{"line":305,"column":8},"skip":true}]},"26":{"line":309,"type":"if","locations":[{"start":{"line":309,"column":8},"end":{"line":309,"column":8},"skip":true},{"start":{"line":309,"column":8},"end":{"line":309,"column":8},"skip":true}]},"27":{"line":312,"type":"binary-expr","locations":[{"start":{"line":312,"column":27},"end":{"line":312,"column":43},"skip":true},{"start":{"line":312,"column":47},"end":{"line":312,"column":53},"skip":true}]},"28":{"line":316,"type":"if","locations":[{"start":{"line":316,"column":12},"end":{"line":316,"column":12},"skip":true},{"start":{"line":316,"column":12},"end":{"line":316,"column":12},"skip":true}]}},"code":["/*","example.js","","quickstart example","","instruction","    1. save this script as example.js","    2. run the shell command:","        $ npm install npmtest-gulp-mock-server && PORT=8081 node example.js","    3. play with the browser-demo on http://127.0.0.1:8081","*/","","","","/* istanbul instrument in package npmtest_gulp_mock_server */","/*jslint","    bitwise: true,","    browser: true,","    maxerr: 8,","    maxlen: 96,","    node: true,","    nomen: true,","    regexp: true,","    stupid: true","*/","(function () {","    'use strict';","    var local;","","","","    // run shared js-env code - pre-init","    (function () {","        // init local","        local = {};","        // init modeJs","        local.modeJs = (function () {","            try {","                return typeof navigator.userAgent === 'string' &&","                    typeof document.querySelector('body') === 'object' &&","                    typeof XMLHttpRequest.prototype.open === 'function' &&","                    'browser';","            } catch (errorCaughtBrowser) {","                return module.exports &&","                    typeof process.versions.node === 'string' &&","                    typeof require('http').createServer === 'function' &&","                    'node';","            }","        }());","        // init global","        local.global = local.modeJs === 'browser'","            ? window","            : global;","        // init utility2_rollup","        local = local.global.utility2_rollup || (local.modeJs === 'browser'","            ? local.global.utility2_npmtest_gulp_mock_server","            : global.utility2_moduleExports);","        // export local","        local.global.local = local;","    }());","    switch (local.modeJs) {","","","","    // post-init","    // run browser js-env code - post-init","    /* istanbul ignore next */","    case 'browser':","        local.testRunBrowser = function (event) {","            if (!event || (event &&","                    event.currentTarget &&","                    event.currentTarget.className &&","                    event.currentTarget.className.includes &&","                    event.currentTarget.className.includes('onreset'))) {","                // reset output","                Array.from(","                    document.querySelectorAll('body > .resettable')","                ).forEach(function (element) {","                    switch (element.tagName) {","                    case 'INPUT':","                    case 'TEXTAREA':","                        element.value = '';","                        break;","                    default:","                        element.textContent = '';","                    }","                });","            }","            switch (event && event.currentTarget && event.currentTarget.id) {","            case 'testRunButton1':","                // show tests","                if (document.querySelector('#testReportDiv1').style.display === 'none') {","                    document.querySelector('#testReportDiv1').style.display = 'block';","                    document.querySelector('#testRunButton1').textContent =","                        'hide internal test';","                    local.modeTest = true;","                    local.testRunDefault(local);","                // hide tests","                } else {","                    document.querySelector('#testReportDiv1').style.display = 'none';","                    document.querySelector('#testRunButton1').textContent = 'run internal test';","                }","                break;","            // custom-case","            default:","                break;","            }","            if (document.querySelector('#inputTextareaEval1') && (!event || (event &&","                    event.currentTarget &&","                    event.currentTarget.className &&","                    event.currentTarget.className.includes &&","                    event.currentTarget.className.includes('oneval')))) {","                // try to eval input-code","                try {","                    /*jslint evil: true*/","                    eval(document.querySelector('#inputTextareaEval1').value);","                } catch (errorCaught) {","                    console.error(errorCaught);","                }","            }","        };","        // log stderr and stdout to #outputTextareaStdout1","        ['error', 'log'].forEach(function (key) {","            console[key + '_original'] = console[key];","            console[key] = function () {","                var element;","                console[key + '_original'].apply(console, arguments);","                element = document.querySelector('#outputTextareaStdout1');","                if (!element) {","                    return;","                }","                // append text to #outputTextareaStdout1","                element.value += Array.from(arguments).map(function (arg) {","                    return typeof arg === 'string'","                        ? arg","                        : JSON.stringify(arg, null, 4);","                }).join(' ') + '\\n';","                // scroll textarea to bottom","                element.scrollTop = element.scrollHeight;","            };","        });","        // init event-handling","        ['change', 'click', 'keyup'].forEach(function (event) {","            Array.from(document.querySelectorAll('.on' + event)).forEach(function (element) {","                element.addEventListener(event, local.testRunBrowser);","            });","        });","        // run tests","        local.testRunBrowser();","        break;","","","","    // run node js-env code - post-init","    /* istanbul ignore next */","    case 'node':","        // export local","        module.exports = local;","        // require modules","        local.fs = require('fs');","        local.http = require('http');","        local.url = require('url');","        // init assets","        local.assetsDict = local.assetsDict || {};","        /* jslint-ignore-begin */","        local.assetsDict['/assets.index.template.html'] = '\\","<!doctype html>\\n\\","<html lang=\"en\">\\n\\","<head>\\n\\","<meta charset=\"UTF-8\">\\n\\","<meta name=\"viewport\" content=\"width=device-width, initial-scale=1\">\\n\\","<title>{{env.npm_package_name}} (v{{env.npm_package_version}})</title>\\n\\","<style>\\n\\","/*csslint\\n\\","    box-sizing: false,\\n\\","    universal-selector: false\\n\\","*/\\n\\","* {\\n\\","    box-sizing: border-box;\\n\\","}\\n\\","body {\\n\\","    background: #dde;\\n\\","    font-family: Arial, Helvetica, sans-serif;\\n\\","    margin: 2rem;\\n\\","}\\n\\","body > * {\\n\\","    margin-bottom: 1rem;\\n\\","}\\n\\",".utility2FooterDiv {\\n\\","    margin-top: 20px;\\n\\","    text-align: center;\\n\\","}\\n\\","</style>\\n\\","<style>\\n\\","/*csslint\\n\\","*/\\n\\","textarea {\\n\\","    font-family: monospace;\\n\\","    height: 10rem;\\n\\","    width: 100%;\\n\\","}\\n\\","textarea[readonly] {\\n\\","    background: #ddd;\\n\\","}\\n\\","</style>\\n\\","</head>\\n\\","<body>\\n\\","<!-- utility2-comment\\n\\","<div id=\"ajaxProgressDiv1\" style=\"background: #d00; height: 2px; left: 0; margin: 0; padding: 0; position: fixed; top: 0; transition: background 0.5s, width 1.5s; width: 25%;\"></div>\\n\\","utility2-comment -->\\n\\","<h1>\\n\\","<!-- utility2-comment\\n\\","    <a\\n\\","        {{#if env.npm_package_homepage}}\\n\\","        href=\"{{env.npm_package_homepage}}\"\\n\\","        {{/if env.npm_package_homepage}}\\n\\","        target=\"_blank\"\\n\\","    >\\n\\","utility2-comment -->\\n\\","        {{env.npm_package_name}} (v{{env.npm_package_version}})\\n\\","<!-- utility2-comment\\n\\","    </a>\\n\\","utility2-comment -->\\n\\","</h1>\\n\\","<h3>{{env.npm_package_description}}</h3>\\n\\","<!-- utility2-comment\\n\\","<h4><a download href=\"assets.app.js\">download standalone app</a></h4>\\n\\","<button class=\"onclick onreset\" id=\"testRunButton1\">run internal test</button><br>\\n\\","<div id=\"testReportDiv1\" style=\"display: none;\"></div>\\n\\","utility2-comment -->\\n\\","\\n\\","\\n\\","\\n\\","<label>stderr and stdout</label>\\n\\","<textarea class=\"resettable\" id=\"outputTextareaStdout1\" readonly></textarea>\\n\\","<!-- utility2-comment\\n\\","{{#if isRollup}}\\n\\","<script src=\"assets.app.js\"></script>\\n\\","{{#unless isRollup}}\\n\\","utility2-comment -->\\n\\","<script src=\"assets.utility2.rollup.js\"></script>\\n\\","<script src=\"jsonp.utility2._stateInit?callback=window.utility2._stateInit\"></script>\\n\\","<script src=\"assets.npmtest_gulp_mock_server.rollup.js\"></script>\\n\\","<script src=\"assets.example.js\"></script>\\n\\","<script src=\"assets.test.js\"></script>\\n\\","<!-- utility2-comment\\n\\","{{/if isRollup}}\\n\\","utility2-comment -->\\n\\","<div class=\"utility2FooterDiv\">\\n\\","    [ this app was created with\\n\\","    <a href=\"https://github.com/kaizhu256/node-utility2\" target=\"_blank\">utility2</a>\\n\\","    ]\\n\\","</div>\\n\\","</body>\\n\\","</html>\\n\\","';","        /* jslint-ignore-end */","        if (local.templateRender) {","            local.assetsDict['/'] = local.templateRender(","                local.assetsDict['/assets.index.template.html'],","                {","                    env: local.objectSetDefault(local.env, {","                        npm_package_description: 'the greatest app in the world!',","                        npm_package_name: 'my-app',","                        npm_package_nameAlias: 'my_app',","                        npm_package_version: '0.0.1'","                    })","                }","            );","        } else {","            local.assetsDict['/'] = local.assetsDict['/assets.index.template.html']","                .replace((/\\{\\{env\\.(\\w+?)\\}\\}/g), function (match0, match1) {","                    // jslint-hack","                    String(match0);","                    switch (match1) {","                    case 'npm_package_description':","                        return 'the greatest app in the world!';","                    case 'npm_package_name':","                        return 'my-app';","                    case 'npm_package_nameAlias':","                        return 'my_app';","                    case 'npm_package_version':","                        return '0.0.1';","                    }","                });","        }","        // run the cli","        if (local.global.utility2_rollup || module !== require.main) {","            break;","        }","        local.assetsDict['/assets.example.js'] =","            local.assetsDict['/assets.example.js'] ||","            local.fs.readFileSync(__filename, 'utf8');","        local.assetsDict['/assets.npmtest_gulp_mock_server.rollup.js'] =","            local.assetsDict['/assets.npmtest_gulp_mock_server.rollup.js'] ||","            local.fs.readFileSync(","                // buildCustomOrg-hack","                local.npmtest_gulp_mock_server.__dirname +","                    '/lib.npmtest_gulp_mock_server.js',","                'utf8'","            ).replace((/^#!/), '//');","        local.assetsDict['/favicon.ico'] = local.assetsDict['/favicon.ico'] || '';","        // if $npm_config_timeout_exit exists,","        // then exit this process after $npm_config_timeout_exit ms","        if (Number(process.env.npm_config_timeout_exit)) {","            setTimeout(process.exit, Number(process.env.npm_config_timeout_exit));","        }","        // start server","        if (local.global.utility2_serverHttp1) {","            break;","        }","        process.env.PORT = process.env.PORT || '8081';","        console.error('server starting on port ' + process.env.PORT);","        local.http.createServer(function (request, response) {","            request.urlParsed = local.url.parse(request.url);","            if (local.assetsDict[request.urlParsed.pathname] !== undefined) {","                response.end(local.assetsDict[request.urlParsed.pathname]);","                return;","            }","            response.statusCode = 404;","            response.end();","        }).listen(process.env.PORT);","        break;","    }","}());",""],"l":{"26":2,"28":2,"33":2,"35":2,"37":2,"38":2,"39":2,"44":1,"51":2,"55":2,"59":2,"61":2,"69":1,"70":2,"76":2,"79":2,"82":2,"83":2,"85":1,"89":2,"92":1,"93":1,"94":1,"96":1,"97":1,"100":1,"101":1,"103":1,"106":1,"108":2,"114":1,"116":1,"118":1,"123":1,"124":2,"125":2,"126":2,"127":2,"128":2,"129":2,"130":1,"133":2,"134":2,"139":2,"143":1,"144":3,"145":1,"149":1,"150":1,"158":1,"160":1,"161":1,"162":1,"164":1,"166":1,"258":1,"259":1,"271":1,"274":6,"275":6,"277":1,"279":2,"281":1,"283":2,"288":1,"289":1,"291":1,"294":1,"302":1,"305":1,"306":1,"309":1,"310":1,"312":1,"313":1,"314":1,"315":1,"316":1,"317":1,"318":1,"320":1,"321":1,"323":1}},"/home/travis/build/npmtest/node-npmtest-gulp-mock-server/node_modules/gulp-mock-server/src/index.js":{"path":"/home/travis/build/npmtest/node-npmtest-gulp-mock-server/node_modules/gulp-mock-server/src/index.js","s":{"1":1,"2":1,"3":1,"4":1,"5":1,"6":1,"7":1,"8":1,"9":1,"10":1,"11":1,"12":1,"13":1,"14":1,"15":1,"16":1,"17":1,"18":1,"19":1,"20":1,"21":1,"22":1,"23":1,"24":0,"25":0,"26":0,"27":0,"28":0,"29":0,"30":0,"31":0,"32":0,"33":0,"34":0,"35":0,"36":0,"37":0,"38":0,"39":0,"40":0,"41":0,"42":0,"43":0,"44":0,"45":0,"46":0,"47":0,"48":0,"49":0,"50":0,"51":0,"52":0,"53":0,"54":0,"55":0,"56":0,"57":0,"58":0,"59":0,"60":0,"61":0,"62":0,"63":0,"64":0,"65":0,"66":0,"67":0,"68":0,"69":0,"70":0,"71":0,"72":0,"73":0,"74":0,"75":0,"76":0,"77":0,"78":0,"79":0,"80":0,"81":0,"82":0,"83":0,"84":0,"85":0,"86":0,"87":0,"88":0,"89":0,"90":0,"91":0,"92":0,"93":0,"94":0},"b":{"1":[0,0],"2":[0,0],"3":[0,0,0],"4":[0,0],"5":[0,0],"6":[0,0],"7":[0,0],"8":[0,0],"9":[0,0],"10":[0,0],"11":[0,0],"12":[0,0],"13":[0,0],"14":[0,0],"15":[0,0],"16":[0,0],"17":[0,0],"18":[0,0],"19":[0,0],"20":[0,0],"21":[0,0],"22":[0,0],"23":[0,0],"24":[0,0],"25":[0,0],"26":[0,0],"27":[0,0],"28":[0,0]},"f":{"1":0,"2":0,"3":0,"4":0,"5":0,"6":0,"7":0,"8":0,"9":0,"10":0,"11":0,"12":0},"fnMap":{"1":{"name":"(anonymous_1)","line":25,"loc":{"start":{"line":25,"column":17},"end":{"line":25,"column":35}}},"2":{"name":"(anonymous_2)","line":65,"loc":{"start":{"line":65,"column":14},"end":{"line":65,"column":34}}},"3":{"name":"(anonymous_3)","line":102,"loc":{"start":{"line":102,"column":22},"end":{"line":102,"column":33}}},"4":{"name":"(anonymous_4)","line":146,"loc":{"start":{"line":146,"column":14},"end":{"line":146,"column":26}}},"5":{"name":"(anonymous_5)","line":147,"loc":{"start":{"line":147,"column":15},"end":{"line":147,"column":27}}},"6":{"name":"(anonymous_6)","line":175,"loc":{"start":{"line":175,"column":27},"end":{"line":175,"column":57}}},"7":{"name":"(anonymous_7)","line":184,"loc":{"start":{"line":184,"column":47},"end":{"line":184,"column":67}}},"8":{"name":"(anonymous_8)","line":197,"loc":{"start":{"line":197,"column":14},"end":{"line":197,"column":25}}},"9":{"name":"(anonymous_9)","line":198,"loc":{"start":{"line":198,"column":13},"end":{"line":198,"column":23}}},"10":{"name":"(anonymous_10)","line":200,"loc":{"start":{"line":200,"column":20},"end":{"line":200,"column":34}}},"11":{"name":"(anonymous_11)","line":203,"loc":{"start":{"line":203,"column":18},"end":{"line":203,"column":37}}},"12":{"name":"(anonymous_12)","line":235,"loc":{"start":{"line":235,"column":20},"end":{"line":235,"column":31}}}},"statementMap":{"1":{"start":{"line":1,"column":0},"end":{"line":1,"column":34}},"2":{"start":{"line":2,"column":0},"end":{"line":2,"column":33}},"3":{"start":{"line":3,"column":0},"end":{"line":3,"column":27}},"4":{"start":{"line":4,"column":0},"end":{"line":4,"column":29}},"5":{"start":{"line":5,"column":0},"end":{"line":5,"column":33}},"6":{"start":{"line":6,"column":0},"end":{"line":6,"column":37}},"7":{"start":{"line":7,"column":0},"end":{"line":7,"column":40}},"8":{"start":{"line":8,"column":0},"end":{"line":8,"column":46}},"9":{"start":{"line":9,"column":0},"end":{"line":9,"column":42}},"10":{"start":{"line":10,"column":0},"end":{"line":10,"column":54}},"11":{"start":{"line":11,"column":0},"end":{"line":11,"column":40}},"12":{"start":{"line":12,"column":0},"end":{"line":12,"column":32}},"13":{"start":{"line":13,"column":0},"end":{"line":13,"column":29}},"14":{"start":{"line":14,"column":0},"end":{"line":14,"column":23}},"15":{"start":{"line":15,"column":0},"end":{"line":15,"column":40}},"16":{"start":{"line":16,"column":0},"end":{"line":16,"column":27}},"17":{"start":{"line":17,"column":0},"end":{"line":17,"column":27}},"18":{"start":{"line":18,"column":0},"end":{"line":18,"column":25}},"19":{"start":{"line":19,"column":0},"end":{"line":19,"column":36}},"20":{"start":{"line":20,"column":0},"end":{"line":20,"column":71}},"21":{"start":{"line":21,"column":0},"end":{"line":21,"column":35}},"22":{"start":{"line":22,"column":0},"end":{"line":22,"column":33}},"23":{"start":{"line":25,"column":0},"end":{"line":247,"column":2}},"24":{"start":{"line":27,"column":2},"end":{"line":86,"column":4}},"25":{"start":{"line":66,"column":8},"end":{"line":68,"column":31}},"26":{"start":{"line":67,"column":10},"end":{"line":67,"column":23}},"27":{"start":{"line":68,"column":17},"end":{"line":68,"column":29}},"28":{"start":{"line":90,"column":2},"end":{"line":93,"column":5}},"29":{"start":{"line":95,"column":2},"end":{"line":98,"column":3}},"30":{"start":{"line":97,"column":4},"end":{"line":97,"column":76}},"31":{"start":{"line":100,"column":2},"end":{"line":100,"column":22}},"32":{"start":{"line":102,"column":2},"end":{"line":110,"column":4}},"33":{"start":{"line":103,"column":4},"end":{"line":103,"column":38}},"34":{"start":{"line":103,"column":31},"end":{"line":103,"column":38}},"35":{"start":{"line":104,"column":4},"end":{"line":108,"column":5}},"36":{"start":{"line":106,"column":6},"end":{"line":106,"column":24}},"37":{"start":{"line":107,"column":6},"end":{"line":107,"column":13}},"38":{"start":{"line":109,"column":4},"end":{"line":109,"column":142}},"39":{"start":{"line":112,"column":2},"end":{"line":112,"column":15}},"40":{"start":{"line":114,"column":2},"end":{"line":139,"column":3}},"41":{"start":{"line":116,"column":4},"end":{"line":118,"column":8}},"42":{"start":{"line":120,"column":4},"end":{"line":135,"column":5}},"43":{"start":{"line":121,"column":6},"end":{"line":132,"column":7}},"44":{"start":{"line":122,"column":8},"end":{"line":125,"column":11}},"45":{"start":{"line":128,"column":8},"end":{"line":131,"column":11}},"46":{"start":{"line":134,"column":6},"end":{"line":134,"column":26}},"47":{"start":{"line":137,"column":4},"end":{"line":137,"column":57}},"48":{"start":{"line":142,"column":2},"end":{"line":150,"column":3}},"49":{"start":{"line":143,"column":4},"end":{"line":143,"column":31}},"50":{"start":{"line":144,"column":9},"end":{"line":150,"column":3}},"51":{"start":{"line":145,"column":4},"end":{"line":149,"column":9}},"52":{"start":{"line":146,"column":28},"end":{"line":146,"column":59}},"53":{"start":{"line":148,"column":8},"end":{"line":148,"column":19}},"54":{"start":{"line":153,"column":2},"end":{"line":155,"column":3}},"55":{"start":{"line":154,"column":4},"end":{"line":154,"column":82}},"56":{"start":{"line":156,"column":2},"end":{"line":156,"column":63}},"57":{"start":{"line":159,"column":2},"end":{"line":165,"column":3}},"58":{"start":{"line":160,"column":4},"end":{"line":160,"column":59}},"59":{"start":{"line":161,"column":4},"end":{"line":163,"column":5}},"60":{"start":{"line":162,"column":6},"end":{"line":162,"column":54}},"61":{"start":{"line":164,"column":4},"end":{"line":164,"column":59}},"62":{"start":{"line":167,"column":2},"end":{"line":169,"column":3}},"63":{"start":{"line":168,"column":4},"end":{"line":168,"column":114}},"64":{"start":{"line":172,"column":2},"end":{"line":172,"column":17}},"65":{"start":{"line":175,"column":2},"end":{"line":210,"column":5}},"66":{"start":{"line":177,"column":4},"end":{"line":177,"column":49}},"67":{"start":{"line":179,"column":4},"end":{"line":192,"column":5}},"68":{"start":{"line":180,"column":6},"end":{"line":183,"column":8}},"69":{"start":{"line":184,"column":6},"end":{"line":191,"column":9}},"70":{"start":{"line":185,"column":8},"end":{"line":189,"column":11}},"71":{"start":{"line":194,"column":4},"end":{"line":194,"column":20}},"72":{"start":{"line":195,"column":4},"end":{"line":195,"column":15}},"73":{"start":{"line":197,"column":26},"end":{"line":197,"column":40}},"74":{"start":{"line":199,"column":4},"end":{"line":209,"column":5}},"75":{"start":{"line":200,"column":6},"end":{"line":208,"column":9}},"76":{"start":{"line":201,"column":8},"end":{"line":201,"column":61}},"77":{"start":{"line":202,"column":8},"end":{"line":207,"column":9}},"78":{"start":{"line":203,"column":10},"end":{"line":206,"column":13}},"79":{"start":{"line":204,"column":12},"end":{"line":204,"column":70}},"80":{"start":{"line":205,"column":12},"end":{"line":205,"column":56}},"81":{"start":{"line":212,"column":2},"end":{"line":212,"column":16}},"82":{"start":{"line":214,"column":2},"end":{"line":231,"column":3}},"83":{"start":{"line":215,"column":4},"end":{"line":215,"column":13}},"84":{"start":{"line":217,"column":4},"end":{"line":227,"column":5}},"85":{"start":{"line":218,"column":6},"end":{"line":221,"column":8}},"86":{"start":{"line":223,"column":6},"end":{"line":226,"column":8}},"87":{"start":{"line":228,"column":4},"end":{"line":228,"column":94}},"88":{"start":{"line":230,"column":4},"end":{"line":230,"column":87}},"89":{"start":{"line":233,"column":2},"end":{"line":233,"column":133}},"90":{"start":{"line":235,"column":2},"end":{"line":243,"column":5}},"91":{"start":{"line":237,"column":4},"end":{"line":237,"column":22}},"92":{"start":{"line":239,"column":4},"end":{"line":241,"column":5}},"93":{"start":{"line":240,"column":6},"end":{"line":240,"column":23}},"94":{"start":{"line":245,"column":2},"end":{"line":245,"column":16}}},"branchMap":{"1":{"line":66,"type":"if","locations":[{"start":{"line":66,"column":8},"end":{"line":66,"column":8}},{"start":{"line":66,"column":8},"end":{"line":66,"column":8}}]},"2":{"line":95,"type":"if","locations":[{"start":{"line":95,"column":2},"end":{"line":95,"column":2}},{"start":{"line":95,"column":2},"end":{"line":95,"column":2}}]},"3":{"line":95,"type":"binary-expr","locations":[{"start":{"line":95,"column":6},"end":{"line":95,"column":37}},{"start":{"line":95,"column":41},"end":{"line":95,"column":63}},{"start":{"line":95,"column":67},"end":{"line":95,"column":100}}]},"4":{"line":97,"type":"cond-expr","locations":[{"start":{"line":97,"column":52},"end":{"line":97,"column":55}},{"start":{"line":97,"column":58},"end":{"line":97,"column":60}}]},"5":{"line":103,"type":"if","locations":[{"start":{"line":103,"column":4},"end":{"line":103,"column":4}},{"start":{"line":103,"column":4},"end":{"line":103,"column":4}}]},"6":{"line":104,"type":"if","locations":[{"start":{"line":104,"column":4},"end":{"line":104,"column":4}},{"start":{"line":104,"column":4},"end":{"line":104,"column":4}}]},"7":{"line":104,"type":"binary-expr","locations":[{"start":{"line":104,"column":8},"end":{"line":104,"column":39}},{"start":{"line":104,"column":43},"end":{"line":104,"column":76}}]},"8":{"line":109,"type":"cond-expr","locations":[{"start":{"line":109,"column":34},"end":{"line":109,"column":37}},{"start":{"line":109,"column":40},"end":{"line":109,"column":42}}]},"9":{"line":109,"type":"cond-expr","locations":[{"start":{"line":109,"column":123},"end":{"line":109,"column":134}},{"start":{"line":109,"column":137},"end":{"line":109,"column":139}}]},"10":{"line":114,"type":"if","locations":[{"start":{"line":114,"column":2},"end":{"line":114,"column":2}},{"start":{"line":114,"column":2},"end":{"line":114,"column":2}}]},"11":{"line":120,"type":"if","locations":[{"start":{"line":120,"column":4},"end":{"line":120,"column":4}},{"start":{"line":120,"column":4},"end":{"line":120,"column":4}}]},"12":{"line":121,"type":"if","locations":[{"start":{"line":121,"column":6},"end":{"line":121,"column":6}},{"start":{"line":121,"column":6},"end":{"line":121,"column":6}}]},"13":{"line":129,"type":"binary-expr","locations":[{"start":{"line":129,"column":31},"end":{"line":129,"column":47}},{"start":{"line":129,"column":51},"end":{"line":129,"column":84}}]},"14":{"line":130,"type":"binary-expr","locations":[{"start":{"line":130,"column":32},"end":{"line":130,"column":49}},{"start":{"line":130,"column":53},"end":{"line":130,"column":87}}]},"15":{"line":142,"type":"if","locations":[{"start":{"line":142,"column":2},"end":{"line":142,"column":2}},{"start":{"line":142,"column":2},"end":{"line":142,"column":2}}]},"16":{"line":144,"type":"if","locations":[{"start":{"line":144,"column":9},"end":{"line":144,"column":9}},{"start":{"line":144,"column":9},"end":{"line":144,"column":9}}]},"17":{"line":153,"type":"if","locations":[{"start":{"line":153,"column":2},"end":{"line":153,"column":2}},{"start":{"line":153,"column":2},"end":{"line":153,"column":2}}]},"18":{"line":161,"type":"if","locations":[{"start":{"line":161,"column":4},"end":{"line":161,"column":4}},{"start":{"line":161,"column":4},"end":{"line":161,"column":4}}]},"19":{"line":167,"type":"if","locations":[{"start":{"line":167,"column":2},"end":{"line":167,"column":2}},{"start":{"line":167,"column":2},"end":{"line":167,"column":2}}]},"20":{"line":179,"type":"if","locations":[{"start":{"line":179,"column":4},"end":{"line":179,"column":4}},{"start":{"line":179,"column":4},"end":{"line":179,"column":4}}]},"21":{"line":199,"type":"if","locations":[{"start":{"line":199,"column":4},"end":{"line":199,"column":4}},{"start":{"line":199,"column":4},"end":{"line":199,"column":4}}]},"22":{"line":202,"type":"if","locations":[{"start":{"line":202,"column":8},"end":{"line":202,"column":8}},{"start":{"line":202,"column":8},"end":{"line":202,"column":8}}]},"23":{"line":214,"type":"if","locations":[{"start":{"line":214,"column":2},"end":{"line":214,"column":2}},{"start":{"line":214,"column":2},"end":{"line":214,"column":2}}]},"24":{"line":217,"type":"if","locations":[{"start":{"line":217,"column":4},"end":{"line":217,"column":4}},{"start":{"line":217,"column":4},"end":{"line":217,"column":4}}]},"25":{"line":224,"type":"binary-expr","locations":[{"start":{"line":224,"column":29},"end":{"line":224,"column":45}},{"start":{"line":224,"column":49},"end":{"line":224,"column":82}}]},"26":{"line":225,"type":"binary-expr","locations":[{"start":{"line":225,"column":30},"end":{"line":225,"column":47}},{"start":{"line":225,"column":51},"end":{"line":225,"column":85}}]},"27":{"line":233,"type":"cond-expr","locations":[{"start":{"line":233,"column":79},"end":{"line":233,"column":82}},{"start":{"line":233,"column":85},"end":{"line":233,"column":87}}]},"28":{"line":239,"type":"if","locations":[{"start":{"line":239,"column":4},"end":{"line":239,"column":4}},{"start":{"line":239,"column":4},"end":{"line":239,"column":4}}]}},"code":["var through = require('through2');","var gutil = require('gulp-util');","var http = require('http');","var https = require('https');","var connect = require('connect');","var query = require('connect-query');","var bodyParser = require('body-parser');","var multipart = require('connect-multiparty');","var serveStatic = require('serve-static');","var connectLivereload = require('connect-livereload');","var proxy = require('proxy-middleware');","var miniLr = require('mini-lr');","var watch = require('watch');","var fs = require('fs');","var serveIndex = require('serve-index');","var path = require('path');","var open = require('open');","var url = require('url');","var extend = require('node.extend');","var enableMiddlewareShorthand = require('./enableMiddlewareShorthand');","var mockMiddle = require('./mock');","var isarray = require('isarray');","","","module.exports = function(options) {","","  var defaults = {","","    /**","     *","     * BASIC DEFAULTS","     *","     **/","","    host: 'localhost',","    port: 8000,","    path: '/',","    fallback: false,","    https: false,","    open: false,","    mockDir: './data',","    allowCrossOrigin: false,","    //middleware: [bodyParser.json(), query(), mockMiddle(mockDir)],","    middleware: [bodyParser.urlencoded({ extended: false }), bodyParser.json(), query()],","    //middleware: [multipart(), query()],","","    /**","     *","     * MIDDLEWARE DEFAULTS","     *","     * NOTE:","     *  All middleware should defaults should have the 'enable'","     *  property if you want to support shorthand syntax like:","     *","     *    webserver({","     *      livereload: true","     *    });","     *","     */","","    // Middleware: Livereload","    livereload: {","      enable: false,","      port: 35729,","      filter: function (filename) {","        if (filename.match(/node_modules/)) {","          return false;","        } else { return true; }","      }","    },","","    // Middleware: Directory listing","    // For possible options, see:","    //  https://github.com/expressjs/serve-index","    directoryListing: {","      enable: true,","      path: './',","      options: undefined","    },","","    // Middleware: Proxy","    // For possible options, see:","    //  https://github.com/andrewrk/connect-proxy","    proxies: []","","  };","","  // Deep extend user provided options over the all of the defaults","  // Allow shorthand syntax, using the enable property as a flag","  var config = enableMiddlewareShorthand(defaults, options, [","    'directoryListing',","    'livereload'","  ]);","","  if (typeof config.open === 'string' && config.open.length > 0 && config.open.indexOf('http') !== 0) {","    // ensure leading slash if this is NOT a complete url form","    config.open = (config.open.indexOf('/') !== 0 ? '/' : '') + config.open;","  }","","  var app = connect();","","  var openInBrowser = function() {","    if (config.open === false) return;","    if (typeof config.open === 'string' && config.open.indexOf('http') === 0) {","      // if this is a complete url form","      open(config.open);","      return;","    }","    open('http' + (config.https ? 's' : '') + '://' + config.host + ':' + config.port + (typeof config.open === 'string' ? config.open : ''));","  };","","  var lrServer;","","  if (config.livereload.enable) {","","    app.use(connectLivereload({","      port: config.livereload.port","    }));","","    if (config.https) {","      if (config.https.pfx) {","        lrServer = miniLr({","          pfx: fs.readFileSync(config.https.pfx),","          passphrase: config.https.passphrase","        });","      }","      else {","        lrServer = miniLr({","          key: fs.readFileSync(config.https.key || __dirname + '/../ssl/dev-key.pem'),","          cert: fs.readFileSync(config.https.cert || __dirname + '/../ssl/dev-cert.pem')","        });","      }","    } else {","      lrServer = miniLr();","    }","","    lrServer.listen(config.livereload.port, config.host);","","  }","","  // middlewares","  if (typeof config.middleware === 'function') {","    app.use(config.middleware);","  } else if (isarray(config.middleware)) {","    config.middleware","      .filter(function(m) { return typeof m === 'function'; })","      .forEach(function(m) {","        app.use(m);","      });","  }","","  // mock middleware","  if (config.allowCrossOrigin) {","    gutil.log(\"Cross origin resource sharing is enabled (CORS headers are sent)\");","  }","  app.use(mockMiddle(config.mockDir, config.allowCrossOrigin));","","  // Proxy requests","  for (var i = 0, len = config.proxies.length; i < len; i++) {","    var proxyoptions = url.parse(config.proxies[i].target);","    if (config.proxies[i].hasOwnProperty('options')) {","      extend(proxyoptions, config.proxies[i].options);","    }","    app.use(config.proxies[i].source, proxy(proxyoptions));","  }","","  if (config.directoryListing.enable) {","    app.use(config.path, serveIndex(path.resolve(config.directoryListing.path), config.directoryListing.options));","  }","","","  var files = [];","","  // Create server","  var stream = through.obj(function(file, enc, callback) {","","    app.use(config.path, serveStatic(file.path));","","    if (config.livereload.enable) {","      var watchOptions = {","        ignoreDotFiles: true,","        filter: config.livereload.filter","      };","      watch.watchTree(file.path, watchOptions, function (filename) {","        lrServer.changed({","          body: {","            files: filename","          }","        });","","      });","    }","","    this.push(file);","    callback();","  })","  .on('data', function(f){files.push(f);})","  .on('end', function(){","    if (config.fallback) {","      files.forEach(function(file){","        var fallbackFile = file.path + '/' + config.fallback;","        if (fs.existsSync(fallbackFile)) {","          app.use(function(req, res) {","            res.setHeader('Content-Type', 'text/html; charset=UTF-8');","            fs.createReadStream(fallbackFile).pipe(res);","          });","        }","      });","    }","  });","","  var webserver;","","  if (config.https) {","    var opts;","","    if (config.https.pfx) {","      opts = {","        pfx: fs.readFileSync(config.https.pfx),","        passphrase: config.https.passphrase","      };","    } else {","      opts = {","        key: fs.readFileSync(config.https.key || __dirname + '/../ssl/dev-key.pem'),","        cert: fs.readFileSync(config.https.cert || __dirname + '/../ssl/dev-cert.pem')","      };","    }","    webserver = https.createServer(opts, app).listen(config.port, config.host, openInBrowser);","  } else {","    webserver = http.createServer(app).listen(config.port, config.host, openInBrowser);","  }","","  gutil.log('Webserver started at', gutil.colors.cyan('http' + (config.https ? 's' : '') + '://' + config.host + ':' + config.port));","","  stream.on('kill', function() {","","    webserver.close();","","    if (config.livereload.enable) {","      lrServer.close();","    }","","  });","","  return stream;","","};",""],"l":{"1":1,"2":1,"3":1,"4":1,"5":1,"6":1,"7":1,"8":1,"9":1,"10":1,"11":1,"12":1,"13":1,"14":1,"15":1,"16":1,"17":1,"18":1,"19":1,"20":1,"21":1,"22":1,"25":1,"27":0,"66":0,"67":0,"68":0,"90":0,"95":0,"97":0,"100":0,"102":0,"103":0,"104":0,"106":0,"107":0,"109":0,"112":0,"114":0,"116":0,"120":0,"121":0,"122":0,"128":0,"134":0,"137":0,"142":0,"143":0,"144":0,"145":0,"146":0,"148":0,"153":0,"154":0,"156":0,"159":0,"160":0,"161":0,"162":0,"164":0,"167":0,"168":0,"172":0,"175":0,"177":0,"179":0,"180":0,"184":0,"185":0,"194":0,"195":0,"197":0,"199":0,"200":0,"201":0,"202":0,"203":0,"204":0,"205":0,"212":0,"214":0,"215":0,"217":0,"218":0,"223":0,"228":0,"230":0,"233":0,"235":0,"237":0,"239":0,"240":0,"245":0}},"/home/travis/build/npmtest/node-npmtest-gulp-mock-server/node_modules/gulp-mock-server/src/enableMiddlewareShorthand/index.js":{"path":"/home/travis/build/npmtest/node-npmtest-gulp-mock-server/node_modules/gulp-mock-server/src/enableMiddlewareShorthand/index.js","s":{"1":1,"2":1,"3":0,"4":0,"5":0,"6":0,"7":0,"8":0,"9":0,"10":0,"11":0,"12":0},"b":{"1":[0,0],"2":[0,0]},"f":{"1":0},"fnMap":{"1":{"name":"(anonymous_1)","line":4,"loc":{"start":{"line":4,"column":17},"end":{"line":5,"column":0}}}},"statementMap":{"1":{"start":{"line":1,"column":0},"end":{"line":1,"column":36}},"2":{"start":{"line":4,"column":0},"end":{"line":26,"column":2}},"3":{"start":{"line":6,"column":2},"end":{"line":6,"column":51}},"4":{"start":{"line":7,"column":2},"end":{"line":7,"column":47}},"5":{"start":{"line":10,"column":2},"end":{"line":12,"column":3}},"6":{"start":{"line":11,"column":4},"end":{"line":11,"column":20}},"7":{"start":{"line":15,"column":2},"end":{"line":24,"column":3}},"8":{"start":{"line":16,"column":4},"end":{"line":16,"column":24}},"9":{"start":{"line":18,"column":4},"end":{"line":23,"column":5}},"10":{"start":{"line":20,"column":6},"end":{"line":20,"column":62}},"11":{"start":{"line":22,"column":6},"end":{"line":22,"column":33}},"12":{"start":{"line":25,"column":2},"end":{"line":25,"column":16}}},"branchMap":{"1":{"line":10,"type":"if","locations":[{"start":{"line":10,"column":2},"end":{"line":10,"column":2}},{"start":{"line":10,"column":2},"end":{"line":10,"column":2}}]},"2":{"line":18,"type":"if","locations":[{"start":{"line":18,"column":4},"end":{"line":18,"column":4}},{"start":{"line":18,"column":4},"end":{"line":18,"column":4}}]}},"code":["var extend = require('node.extend');","","// TODO: Make this its own npm module and repo","module.exports = function(defaults, options, props)","{","  var originalDefaults = extend(true, {},defaults);","  var config = extend(true, defaults, options);","","  // If we get a single string, convert it to a single item array","  if(Object.prototype.toString.call(props) == '[object String]') {","    props = [props];","  }","","  // Loop through all of the given middlewares","  for (var i = 0, len = props.length; i < len; i++) {","    var prop = props[i];","    // If using the shorthand syntax","    if (config[prop] === true) {","      // Replace the given tree for the tree defaults","      config[prop] = extend(true, {}, originalDefaults[prop]);","      // Set the enable flag, which then can be reliably used for conditionals","      config[prop].enable = true;","    }","  }","  return config;","};"],"l":{"1":1,"4":1,"6":0,"7":0,"10":0,"11":0,"15":0,"16":0,"18":0,"20":0,"22":0,"25":0}},"/home/travis/build/npmtest/node-npmtest-gulp-mock-server/node_modules/gulp-mock-server/src/mock.js":{"path":"/home/travis/build/npmtest/node-npmtest-gulp-mock-server/node_modules/gulp-mock-server/src/mock.js","s":{"1":1,"2":1,"3":1,"4":1,"5":1,"6":1,"7":1,"8":1,"9":1,"10":1,"11":0,"12":0,"13":0,"14":0,"15":0,"16":0,"17":0,"18":0,"19":0,"20":0,"21":0,"22":0,"23":0,"24":0,"25":0,"26":0,"27":0,"28":0,"29":0,"30":0,"31":0,"32":0,"33":0,"34":0,"35":0,"36":0,"37":0,"38":0,"39":0,"40":0,"41":0,"42":0,"43":0,"44":0,"45":0,"46":0,"47":0,"48":0,"49":0,"50":0,"51":0,"52":0,"53":0,"54":0,"55":0,"56":0,"57":0,"58":0,"59":0,"60":0,"61":0,"62":0,"63":0,"64":0,"65":0,"66":0,"67":0,"68":0,"69":0,"70":0,"71":0,"72":0},"b":{"1":[0,0,0],"2":[0,0],"3":[0,0],"4":[0,0],"5":[0,0],"6":[0,0],"7":[0,0],"8":[0,0],"9":[0,0],"10":[0,0],"11":[0,0],"12":[0,0],"13":[0,0],"14":[0,0],"15":[0,0],"16":[0,0],"17":[0,0],"18":[0,0]},"f":{"1":0,"2":0,"3":0,"4":0,"5":0,"6":0,"7":0,"8":0,"9":0},"fnMap":{"1":{"name":"(anonymous_1)","line":12,"loc":{"start":{"line":12,"column":17},"end":{"line":12,"column":53}}},"2":{"name":"(anonymous_2)","line":13,"loc":{"start":{"line":13,"column":9},"end":{"line":13,"column":33}}},"3":{"name":"(anonymous_3)","line":21,"loc":{"start":{"line":21,"column":14},"end":{"line":21,"column":26}}},"4":{"name":"(anonymous_4)","line":25,"loc":{"start":{"line":25,"column":11},"end":{"line":25,"column":23}}},"5":{"name":"(anonymous_5)","line":28,"loc":{"start":{"line":28,"column":11},"end":{"line":28,"column":23}}},"6":{"name":"(anonymous_6)","line":38,"loc":{"start":{"line":38,"column":22},"end":{"line":38,"column":37}}},"7":{"name":"(anonymous_7)","line":59,"loc":{"start":{"line":59,"column":23},"end":{"line":59,"column":38}}},"8":{"name":"(anonymous_8)","line":105,"loc":{"start":{"line":105,"column":23},"end":{"line":105,"column":34}}},"9":{"name":"(anonymous_9)","line":110,"loc":{"start":{"line":110,"column":23},"end":{"line":110,"column":34}}}},"statementMap":{"1":{"start":{"line":1,"column":0},"end":{"line":1,"column":25}},"2":{"start":{"line":2,"column":0},"end":{"line":2,"column":27}},"3":{"start":{"line":3,"column":0},"end":{"line":3,"column":23}},"4":{"start":{"line":4,"column":0},"end":{"line":4,"column":27}},"5":{"start":{"line":5,"column":0},"end":{"line":5,"column":23}},"6":{"start":{"line":6,"column":0},"end":{"line":6,"column":31}},"7":{"start":{"line":7,"column":0},"end":{"line":7,"column":33}},"8":{"start":{"line":8,"column":0},"end":{"line":8,"column":24}},"9":{"start":{"line":9,"column":0},"end":{"line":9,"column":32}},"10":{"start":{"line":12,"column":0},"end":{"line":121,"column":2}},"11":{"start":{"line":13,"column":2},"end":{"line":120,"column":3}},"12":{"start":{"line":15,"column":4},"end":{"line":15,"column":47}},"13":{"start":{"line":16,"column":4},"end":{"line":16,"column":42}},"14":{"start":{"line":17,"column":4},"end":{"line":17,"column":40}},"15":{"start":{"line":19,"column":4},"end":{"line":19,"column":38}},"16":{"start":{"line":20,"column":4},"end":{"line":33,"column":9}},"17":{"start":{"line":22,"column":8},"end":{"line":22,"column":33}},"18":{"start":{"line":26,"column":8},"end":{"line":26,"column":103}},"19":{"start":{"line":29,"column":8},"end":{"line":32,"column":10}},"20":{"start":{"line":34,"column":4},"end":{"line":34,"column":24}},"21":{"start":{"line":35,"column":4},"end":{"line":35,"column":22}},"22":{"start":{"line":38,"column":4},"end":{"line":44,"column":7}},"23":{"start":{"line":39,"column":8},"end":{"line":39,"column":77}},"24":{"start":{"line":40,"column":8},"end":{"line":43,"column":9}},"25":{"start":{"line":41,"column":12},"end":{"line":41,"column":27}},"26":{"start":{"line":42,"column":12},"end":{"line":42,"column":29}},"27":{"start":{"line":47,"column":4},"end":{"line":117,"column":5}},"28":{"start":{"line":48,"column":8},"end":{"line":48,"column":23}},"29":{"start":{"line":49,"column":8},"end":{"line":49,"column":22}},"30":{"start":{"line":50,"column":8},"end":{"line":50,"column":25}},"31":{"start":{"line":51,"column":8},"end":{"line":51,"column":56}},"32":{"start":{"line":53,"column":8},"end":{"line":85,"column":9}},"33":{"start":{"line":54,"column":10},"end":{"line":54,"column":58}},"34":{"start":{"line":55,"column":10},"end":{"line":55,"column":41}},"35":{"start":{"line":56,"column":10},"end":{"line":58,"column":11}},"36":{"start":{"line":57,"column":12},"end":{"line":57,"column":30}},"37":{"start":{"line":59,"column":10},"end":{"line":84,"column":13}},"38":{"start":{"line":60,"column":12},"end":{"line":60,"column":31}},"39":{"start":{"line":62,"column":12},"end":{"line":66,"column":13}},"40":{"start":{"line":63,"column":14},"end":{"line":65,"column":15}},"41":{"start":{"line":64,"column":16},"end":{"line":64,"column":32}},"42":{"start":{"line":67,"column":12},"end":{"line":82,"column":13}},"43":{"start":{"line":68,"column":14},"end":{"line":71,"column":15}},"44":{"start":{"line":69,"column":16},"end":{"line":69,"column":34}},"45":{"start":{"line":70,"column":16},"end":{"line":70,"column":23}},"46":{"start":{"line":72,"column":14},"end":{"line":74,"column":15}},"47":{"start":{"line":73,"column":16},"end":{"line":73,"column":35}},"48":{"start":{"line":75,"column":14},"end":{"line":80,"column":15}},"49":{"start":{"line":77,"column":16},"end":{"line":77,"column":77}},"50":{"start":{"line":79,"column":16},"end":{"line":79,"column":43}},"51":{"start":{"line":81,"column":14},"end":{"line":81,"column":27}},"52":{"start":{"line":83,"column":12},"end":{"line":83,"column":24}},"53":{"start":{"line":88,"column":8},"end":{"line":88,"column":88}},"54":{"start":{"line":91,"column":8},"end":{"line":91,"column":56}},"55":{"start":{"line":92,"column":8},"end":{"line":92,"column":20}},"56":{"start":{"line":93,"column":8},"end":{"line":97,"column":9}},"57":{"start":{"line":94,"column":10},"end":{"line":94,"column":42}},"58":{"start":{"line":96,"column":10},"end":{"line":96,"column":38}},"59":{"start":{"line":98,"column":8},"end":{"line":102,"column":9}},"60":{"start":{"line":99,"column":12},"end":{"line":99,"column":62}},"61":{"start":{"line":100,"column":12},"end":{"line":100,"column":93}},"62":{"start":{"line":101,"column":12},"end":{"line":101,"column":108}},"63":{"start":{"line":103,"column":8},"end":{"line":113,"column":9}},"64":{"start":{"line":104,"column":12},"end":{"line":104,"column":82}},"65":{"start":{"line":105,"column":12},"end":{"line":107,"column":22}},"66":{"start":{"line":106,"column":16},"end":{"line":106,"column":100}},"67":{"start":{"line":109,"column":12},"end":{"line":109,"column":76}},"68":{"start":{"line":110,"column":12},"end":{"line":112,"column":22}},"69":{"start":{"line":111,"column":16},"end":{"line":111,"column":63}},"70":{"start":{"line":114,"column":8},"end":{"line":114,"column":15}},"71":{"start":{"line":116,"column":8},"end":{"line":116,"column":84}},"72":{"start":{"line":119,"column":4},"end":{"line":119,"column":11}}},"branchMap":{"1":{"line":15,"type":"binary-expr","locations":[{"start":{"line":15,"column":13},"end":{"line":15,"column":25}},{"start":{"line":15,"column":29},"end":{"line":15,"column":40}},{"start":{"line":15,"column":44},"end":{"line":15,"column":46}}]},"2":{"line":40,"type":"if","locations":[{"start":{"line":40,"column":8},"end":{"line":40,"column":8}},{"start":{"line":40,"column":8},"end":{"line":40,"column":8}}]},"3":{"line":47,"type":"if","locations":[{"start":{"line":47,"column":4},"end":{"line":47,"column":4}},{"start":{"line":47,"column":4},"end":{"line":47,"column":4}}]},"4":{"line":53,"type":"if","locations":[{"start":{"line":53,"column":8},"end":{"line":53,"column":8}},{"start":{"line":53,"column":8},"end":{"line":53,"column":8}}]},"5":{"line":56,"type":"if","locations":[{"start":{"line":56,"column":10},"end":{"line":56,"column":10}},{"start":{"line":56,"column":10},"end":{"line":56,"column":10}}]},"6":{"line":56,"type":"binary-expr","locations":[{"start":{"line":56,"column":14},"end":{"line":56,"column":35}},{"start":{"line":56,"column":39},"end":{"line":56,"column":60}}]},"7":{"line":63,"type":"if","locations":[{"start":{"line":63,"column":14},"end":{"line":63,"column":14}},{"start":{"line":63,"column":14},"end":{"line":63,"column":14}}]},"8":{"line":63,"type":"binary-expr","locations":[{"start":{"line":63,"column":18},"end":{"line":63,"column":48}},{"start":{"line":63,"column":50},"end":{"line":63,"column":79}}]},"9":{"line":67,"type":"if","locations":[{"start":{"line":67,"column":12},"end":{"line":67,"column":12}},{"start":{"line":67,"column":12},"end":{"line":67,"column":12}}]},"10":{"line":68,"type":"if","locations":[{"start":{"line":68,"column":14},"end":{"line":68,"column":14}},{"start":{"line":68,"column":14},"end":{"line":68,"column":14}}]},"11":{"line":72,"type":"if","locations":[{"start":{"line":72,"column":14},"end":{"line":72,"column":14}},{"start":{"line":72,"column":14},"end":{"line":72,"column":14}}]},"12":{"line":75,"type":"if","locations":[{"start":{"line":75,"column":14},"end":{"line":75,"column":14}},{"start":{"line":75,"column":14},"end":{"line":75,"column":14}}]},"13":{"line":93,"type":"if","locations":[{"start":{"line":93,"column":8},"end":{"line":93,"column":8}},{"start":{"line":93,"column":8},"end":{"line":93,"column":8}}]},"14":{"line":98,"type":"if","locations":[{"start":{"line":98,"column":8},"end":{"line":98,"column":8}},{"start":{"line":98,"column":8},"end":{"line":98,"column":8}}]},"15":{"line":103,"type":"if","locations":[{"start":{"line":103,"column":8},"end":{"line":103,"column":8}},{"start":{"line":103,"column":8},"end":{"line":103,"column":8}}]},"16":{"line":103,"type":"binary-expr","locations":[{"start":{"line":103,"column":12},"end":{"line":103,"column":24}},{"start":{"line":103,"column":26},"end":{"line":103,"column":47}}]},"17":{"line":106,"type":"binary-expr","locations":[{"start":{"line":106,"column":69},"end":{"line":106,"column":79}},{"start":{"line":106,"column":83},"end":{"line":106,"column":90}}]},"18":{"line":111,"type":"binary-expr","locations":[{"start":{"line":111,"column":39},"end":{"line":111,"column":49}},{"start":{"line":111,"column":53},"end":{"line":111,"column":60}}]}},"code":["var url = require('url');","var util = require('util');","var fs = require('fs');","var path = require('path');","var rd = require('rd');","var colors = require('colors');","var Request = require('request');","var CWD = process.cwd();","var checkMark = /\\.json$|\\.js$/;","//var checkMark = /\\.json|\\.js/;","","module.exports = function(mockDir, allowCrossOrigin) {","  return function(req, res, next){","    // mt is mocktag 作为标示,相同url参数不同请求的数据不同","    var mt = req.query.mt || req.body.mt || '';","    var urlObj = url.parse(req.url, true);","    var fullName = urlObj.pathname + mt;","    //var dir = path.join(CWD, './data/');","    var dir = path.join(CWD, mockDir);","    var fileNames = rd.readSync(dir)","      .filter(function(x) {","        return checkMark.test(x);","      })","      //.map(function(x) {return x.split(path.sep + 'data' + path.sep)[1];})","      .map(function(x) {","        return x.split(path.sep + mockDir.replace(/^\\.\\//, '').replace(/\\//g, path.sep) + path.sep)[1];","      })","      .map(function(x) {","        return {","          name: '/' + x.replace(checkMark, ''),","          verb: x.match(checkMark).pop()","        };","      });","    var hasFile = false;","    var verb = 'json'; // 文件后缀","","    // 查找本地是否存在这个文件","    fileNames.forEach(function(name) {","        var _name = name.name.replace(new RegExp('\\\\' + path.sep, 'g'), '/');","        if (fullName === _name) {","            hasFile = true;","            verb = name.verb;","        }","    });","","    // 拦截到请求里本地存在这个文件","    if (hasFile) {","        var inlineData; // 写在check条件里的数据","        var delay = 0;","        var route = null;","        var filePath = path.join(dir + fullName + verb);","","        if (verb === '.js') {","          delete require.cache[require.resolve(filePath)];","          var checks = require(filePath);","          if (util.isObject(checks) && !util.isArray(checks)) {","            checks = [checks];","          }","          checks.every(function(item) {","            var isCheck = true;","            // 检查params参数","            for (var k in item.params) {","              if (item.params[k] != req.query[k]&&item.params[k] != req.body[k]) {","                isCheck = false;","              }","            }","            if (isCheck) {","              if (item.route) {","                route = item.route","                return;","              }","              if (item.delay) {","                delay = item.delay;","              }","              if (typeof(item.response) === 'string') {","                //filePath = path.join(dir + fullName.replace(/^\\.|\\/.+$/, '') + item.response);","                filePath = path.join(dir + item.response.replace(/^\\./, ''));","              } else {","                inlineData = item.response;","              }","              return false;","            }","            return true;","          });","        }","","        // 如果是JS文件则根据参数请求文件","        console.log('[gulp-mock-server]', req.method + ':' + req.url + '=>' + filePath);","","        // 删除缓存区里的某个模块 删除该模块后，下次加载该模块时重新运行该模块","        delete require.cache[require.resolve(filePath)];","        var resData;","        if (route) {","          return Request(route).pipe(res);","        } else {","          resData = require(filePath);","        }","        if (allowCrossOrigin) {","            res.setHeader(\"Access-Control-Allow-Origin\", \"*\");","            res.setHeader('Access-Control-Allow-Methods', 'GET, POST, PUT, DELETE, OPTIONS');","            res.setHeader('Access-Control-Allow-Headers', 'Origin, X-Requested-With, Content-Type, Accept');","        }","        if (urlObj.query&&urlObj.query.callback) {","            res.setHeader('Content-type', 'application/javascript;charset=utf-8');","            setTimeout(function() {","                res.end(urlObj.query.callback + '(' + JSON.stringify(inlineData || resData ) + ')');","            }, delay);","        } else {","            res.setHeader('Content-Type', 'application/json;charset=utf-8');","            setTimeout(function() {","                res.end(JSON.stringify(inlineData || resData));","            }, delay);","        }","        return;","    } else {","        console.log('No file:'.red + path.join(dir + fullName + '[.json|.js]').red);","    }","","    next();","  }","};",""],"l":{"1":1,"2":1,"3":1,"4":1,"5":1,"6":1,"7":1,"8":1,"9":1,"12":1,"13":0,"15":0,"16":0,"17":0,"19":0,"20":0,"22":0,"26":0,"29":0,"34":0,"35":0,"38":0,"39":0,"40":0,"41":0,"42":0,"47":0,"48":0,"49":0,"50":0,"51":0,"53":0,"54":0,"55":0,"56":0,"57":0,"59":0,"60":0,"62":0,"63":0,"64":0,"67":0,"68":0,"69":0,"70":0,"72":0,"73":0,"75":0,"77":0,"79":0,"81":0,"83":0,"88":0,"91":0,"92":0,"93":0,"94":0,"96":0,"98":0,"99":0,"100":0,"101":0,"103":0,"104":0,"105":0,"106":0,"109":0,"110":0,"111":0,"114":0,"116":0,"119":0}},"/home/travis/build/npmtest/node-npmtest-gulp-mock-server/node_modules/gulp-mock-server/data/check.do.js":{"path":"/home/travis/build/npmtest/node-npmtest-gulp-mock-server/node_modules/gulp-mock-server/data/check.do.js","s":{"1":1},"b":{},"f":{},"fnMap":{},"statementMap":{"1":{"start":{"line":1,"column":0},"end":{"line":17,"column":3}}},"branchMap":{},"code":["module.exports = [{","  params: {id: 123},","  delay: 1000,","  response: './check_one.json'","}, {","  params: {id: 456},","  response: './check_two.json'","}, {","  params: {id: 789},","  response: {","    name: \"three\"","  }","}, {","  response: {","    name: \"第四个\"","  }","}];",""],"l":{"1":1}},"/home/travis/build/npmtest/node-npmtest-gulp-mock-server/node_modules/gulp-mock-server/data/check.htm.js":{"path":"/home/travis/build/npmtest/node-npmtest-gulp-mock-server/node_modules/gulp-mock-server/data/check.htm.js","s":{"1":1},"b":{},"f":{},"fnMap":{},"statementMap":{"1":{"start":{"line":1,"column":0},"end":{"line":5,"column":2}}},"branchMap":{},"code":["module.exports = {","  response: {","    name: \"three\"","  }","};",""],"l":{"1":1}},"/home/travis/build/npmtest/node-npmtest-gulp-mock-server/node_modules/gulp-mock-server/data/check2.do.js":{"path":"/home/travis/build/npmtest/node-npmtest-gulp-mock-server/node_modules/gulp-mock-server/data/check2.do.js","s":{"1":1},"b":{},"f":{},"fnMap":{},"statementMap":{"1":{"start":{"line":1,"column":0},"end":{"line":5,"column":2}}},"branchMap":{},"code":["module.exports = {","  params: {id: 123},","  delay: 5000,","  response: './check_one.json'","};",""],"l":{"1":1}},"/home/travis/build/npmtest/node-npmtest-gulp-mock-server/node_modules/gulp-mock-server/data/users.js":{"path":"/home/travis/build/npmtest/node-npmtest-gulp-mock-server/node_modules/gulp-mock-server/data/users.js","s":{"1":1},"b":{},"f":{},"fnMap":{},"statementMap":{"1":{"start":{"line":1,"column":0},"end":{"line":3,"column":2}}},"branchMap":{},"code":["module.exports = {","  route: 'http://jsonplaceholder.typicode.com/users'","};",""],"l":{"1":1}},"/home/travis/build/npmtest/node-npmtest-gulp-mock-server/node_modules/gulp-mock-server/gulpfile.js":{"path":"/home/travis/build/npmtest/node-npmtest-gulp-mock-server/node_modules/gulp-mock-server/gulpfile.js","s":{"1":1,"2":1,"3":1,"4":0,"5":1},"b":{},"f":{"1":0},"fnMap":{"1":{"name":"(anonymous_1)","line":4,"loc":{"start":{"line":4,"column":18},"end":{"line":4,"column":29}}}},"statementMap":{"1":{"start":{"line":1,"column":0},"end":{"line":1,"column":27}},"2":{"start":{"line":2,"column":0},"end":{"line":2,"column":40}},"3":{"start":{"line":4,"column":0},"end":{"line":10,"column":3}},"4":{"start":{"line":5,"column":4},"end":{"line":9,"column":8}},"5":{"start":{"line":13,"column":0},"end":{"line":13,"column":31}}},"branchMap":{},"code":["var gulp = require('gulp');","var mockServer = require('./src/index');","","gulp.task('mock', function() {","    gulp.src('.')","    .pipe(mockServer({","        port: 8090,","        //open: \"http://localhost:8090/test\"","    }));","});","","//注册一个默认任务","gulp.task('default', ['mock']);",""],"l":{"1":1,"2":1,"4":1,"5":0,"13":1}},"/home/travis/build/npmtest/node-npmtest-gulp-mock-server/node_modules/gulp-mock-server/src/command.js":{"path":"/home/travis/build/npmtest/node-npmtest-gulp-mock-server/node_modules/gulp-mock-server/src/command.js","s":{"1":1,"2":1,"3":1,"4":1,"5":1,"6":1,"7":1,"8":0,"9":0,"10":0,"11":0,"12":0,"13":0,"14":0,"15":0,"16":0,"17":0,"18":0,"19":0,"20":0,"21":0,"22":0,"23":0,"24":0},"b":{"1":[0,0],"2":[0,0],"3":[0,0],"4":[0,0],"5":[0,0],"6":[0,0],"7":[0,0],"8":[0,0],"9":[0,0],"10":[0,0,0]},"f":{"1":0},"fnMap":{"1":{"name":"(anonymous_1)","line":10,"loc":{"start":{"line":10,"column":8},"end":{"line":10,"column":23}}}},"statementMap":{"1":{"start":{"line":1,"column":0},"end":{"line":1,"column":27}},"2":{"start":{"line":2,"column":0},"end":{"line":2,"column":23}},"3":{"start":{"line":3,"column":0},"end":{"line":3,"column":30}},"4":{"start":{"line":4,"column":0},"end":{"line":4,"column":33}},"5":{"start":{"line":6,"column":0},"end":{"line":6,"column":35}},"6":{"start":{"line":7,"column":0},"end":{"line":7,"column":24}},"7":{"start":{"line":9,"column":0},"end":{"line":36,"column":2}},"8":{"start":{"line":11,"column":4},"end":{"line":25,"column":5}},"9":{"start":{"line":12,"column":6},"end":{"line":12,"column":42}},"10":{"start":{"line":13,"column":6},"end":{"line":13,"column":66}},"11":{"start":{"line":15,"column":6},"end":{"line":15,"column":40}},"12":{"start":{"line":16,"column":6},"end":{"line":16,"column":23}},"13":{"start":{"line":17,"column":6},"end":{"line":17,"column":23}},"14":{"start":{"line":17,"column":16},"end":{"line":17,"column":23}},"15":{"start":{"line":19,"column":6},"end":{"line":19,"column":31}},"16":{"start":{"line":21,"column":6},"end":{"line":21,"column":68}},"17":{"start":{"line":22,"column":6},"end":{"line":22,"column":64}},"18":{"start":{"line":23,"column":6},"end":{"line":23,"column":102}},"19":{"start":{"line":24,"column":6},"end":{"line":24,"column":98}},"20":{"start":{"line":26,"column":4},"end":{"line":34,"column":5}},"21":{"start":{"line":27,"column":6},"end":{"line":27,"column":42}},"22":{"start":{"line":28,"column":6},"end":{"line":28,"column":66}},"23":{"start":{"line":29,"column":6},"end":{"line":29,"column":59}},"24":{"start":{"line":30,"column":6},"end":{"line":33,"column":9}}},"branchMap":{"1":{"line":11,"type":"if","locations":[{"start":{"line":11,"column":4},"end":{"line":11,"column":4}},{"start":{"line":11,"column":4},"end":{"line":11,"column":4}}]},"2":{"line":11,"type":"binary-expr","locations":[{"start":{"line":11,"column":8},"end":{"line":11,"column":18}},{"start":{"line":11,"column":22},"end":{"line":11,"column":28}}]},"3":{"line":12,"type":"binary-expr","locations":[{"start":{"line":12,"column":20},"end":{"line":12,"column":31}},{"start":{"line":12,"column":35},"end":{"line":12,"column":41}}]},"4":{"line":13,"type":"cond-expr","locations":[{"start":{"line":13,"column":47},"end":{"line":13,"column":54}},{"start":{"line":13,"column":57},"end":{"line":13,"column":65}}]},"5":{"line":17,"type":"if","locations":[{"start":{"line":17,"column":6},"end":{"line":17,"column":6}},{"start":{"line":17,"column":6},"end":{"line":17,"column":6}}]},"6":{"line":26,"type":"if","locations":[{"start":{"line":26,"column":4},"end":{"line":26,"column":4}},{"start":{"line":26,"column":4},"end":{"line":26,"column":4}}]},"7":{"line":26,"type":"binary-expr","locations":[{"start":{"line":26,"column":8},"end":{"line":26,"column":19}},{"start":{"line":26,"column":23},"end":{"line":26,"column":29}}]},"8":{"line":27,"type":"binary-expr","locations":[{"start":{"line":27,"column":20},"end":{"line":27,"column":31}},{"start":{"line":27,"column":35},"end":{"line":27,"column":41}}]},"9":{"line":28,"type":"cond-expr","locations":[{"start":{"line":28,"column":47},"end":{"line":28,"column":54}},{"start":{"line":28,"column":57},"end":{"line":28,"column":65}}]},"10":{"line":29,"type":"binary-expr","locations":[{"start":{"line":29,"column":26},"end":{"line":29,"column":35}},{"start":{"line":29,"column":39},"end":{"line":29,"column":45}},{"start":{"line":29,"column":49},"end":{"line":29,"column":53}}]}},"code":["var path = require('path');","var fs = require('fs');","var fse = require('fs-extra');","var request = require('request');","","var server = require('./index.js');","var CWD = process.cwd();","","module.exports = {","  exec: function(argv) {","    if (argv.fetch || argv.f) {","      var mockDir = argv.server || argv.e;","      mockDir = typeof(mockDir) === 'string' ? mockDir : './data';","","      var dir = path.join(CWD, mockDir);","      var url = argv.f;","      if (!url) return;","","      var arr = url.split('/');","      // 去除 \"http:\", \"\", \"hostname\",","      var name = arr.pop(dir, arr.slice(3).join('/')).split('?')[0];","      fse.ensureDirSync(path.join(dir, arr.slice(3).join('/')));","      request(url).pipe(fs.createWriteStream(path.join(dir, arr.slice(3).join('/'), name + '.json')));","      console.log('success! file path:' + path.join(dir, arr.slice(3).join('/'), name + '.json'));","    }","    if (argv.server || argv.e) {","      var mockDir = argv.server || argv.e;","      mockDir = typeof(mockDir) === 'string' ? mockDir : './data';","      var port = parseInt(argv.port || argv.p || 9999, 10);","      server({","        mockDir: mockDir,","        port: port","      });","    }","  }","};",""],"l":{"1":1,"2":1,"3":1,"4":1,"6":1,"7":1,"9":1,"11":0,"12":0,"13":0,"15":0,"16":0,"17":0,"19":0,"21":0,"22":0,"23":0,"24":0,"26":0,"27":0,"28":0,"29":0,"30":0}}}